{"/home/zadrien/projects/red_tetris/server/src/Game/Board.js":{"path":"/home/zadrien/projects/red_tetris/server/src/Game/Board.js","statementMap":{"0":{"start":{"line":3,"column":0},"end":{"line":5,"column":3}},"1":{"start":{"line":6,"column":0},"end":{"line":6,"column":28}},"2":{"start":{"line":8,"column":15},"end":{"line":8,"column":35}},"3":{"start":{"line":11,"column":2},"end":{"line":11,"column":23}},"4":{"start":{"line":12,"column":2},"end":{"line":12,"column":36}},"5":{"start":{"line":13,"column":2},"end":{"line":13,"column":25}},"6":{"start":{"line":14,"column":2},"end":{"line":14,"column":13}},"7":{"start":{"line":15,"column":2},"end":{"line":15,"column":13}},"8":{"start":{"line":16,"column":2},"end":{"line":16,"column":19}},"9":{"start":{"line":17,"column":2},"end":{"line":17,"column":20}},"10":{"start":{"line":18,"column":2},"end":{"line":18,"column":17}},"11":{"start":{"line":19,"column":2},"end":{"line":19,"column":15}},"12":{"start":{"line":20,"column":2},"end":{"line":20,"column":15}},"13":{"start":{"line":23,"column":0},"end":{"line":37,"column":2}},"14":{"start":{"line":24,"column":2},"end":{"line":24,"column":15}},"15":{"start":{"line":26,"column":11},"end":{"line":33,"column":14}},"16":{"start":{"line":27,"column":4},"end":{"line":30,"column":5}},"17":{"start":{"line":28,"column":6},"end":{"line":28,"column":57}},"18":{"start":{"line":28,"column":31},"end":{"line":28,"column":57}},"19":{"start":{"line":29,"column":6},"end":{"line":29,"column":39}},"20":{"start":{"line":32,"column":4},"end":{"line":32,"column":66}},"21":{"start":{"line":32,"column":29},"end":{"line":32,"column":66}},"22":{"start":{"line":35,"column":2},"end":{"line":35,"column":34}},"23":{"start":{"line":36,"column":2},"end":{"line":36,"column":14}},"24":{"start":{"line":39,"column":0},"end":{"line":44,"column":2}},"25":{"start":{"line":40,"column":2},"end":{"line":40,"column":29}},"26":{"start":{"line":40,"column":22},"end":{"line":40,"column":29}},"27":{"start":{"line":41,"column":2},"end":{"line":41,"column":26}},"28":{"start":{"line":42,"column":2},"end":{"line":42,"column":23}},"29":{"start":{"line":43,"column":2},"end":{"line":43,"column":25}},"30":{"start":{"line":46,"column":0},"end":{"line":50,"column":2}},"31":{"start":{"line":47,"column":13},"end":{"line":47,"column":44}},"32":{"start":{"line":48,"column":2},"end":{"line":48,"column":73}},"33":{"start":{"line":48,"column":18},"end":{"line":48,"column":73}},"34":{"start":{"line":49,"column":2},"end":{"line":49,"column":14}},"35":{"start":{"line":52,"column":0},"end":{"line":67,"column":2}},"36":{"start":{"line":53,"column":2},"end":{"line":53,"column":41}},"37":{"start":{"line":53,"column":28},"end":{"line":53,"column":41}},"38":{"start":{"line":54,"column":2},"end":{"line":54,"column":49}},"39":{"start":{"line":55,"column":2},"end":{"line":55,"column":56}},"40":{"start":{"line":56,"column":2},"end":{"line":56,"column":13}},"41":{"start":{"line":57,"column":12},"end":{"line":57,"column":43}},"42":{"start":{"line":59,"column":2},"end":{"line":66,"column":3}},"43":{"start":{"line":60,"column":4},"end":{"line":60,"column":19}},"44":{"start":{"line":61,"column":4},"end":{"line":61,"column":41}},"45":{"start":{"line":62,"column":4},"end":{"line":62,"column":15}},"46":{"start":{"line":63,"column":4},"end":{"line":63,"column":16}},"47":{"start":{"line":65,"column":4},"end":{"line":65,"column":17}},"48":{"start":{"line":69,"column":0},"end":{"line":98,"column":2}},"49":{"start":{"line":70,"column":2},"end":{"line":70,"column":15}},"50":{"start":{"line":71,"column":13},"end":{"line":71,"column":44}},"51":{"start":{"line":72,"column":2},"end":{"line":72,"column":73}},"52":{"start":{"line":72,"column":18},"end":{"line":72,"column":73}},"53":{"start":{"line":73,"column":10},"end":{"line":75,"column":4}},"54":{"start":{"line":74,"column":4},"end":{"line":74,"column":20}},"55":{"start":{"line":76,"column":2},"end":{"line":76,"column":22}},"56":{"start":{"line":76,"column":9},"end":{"line":76,"column":22}},"57":{"start":{"line":77,"column":2},"end":{"line":77,"column":48}},"58":{"start":{"line":79,"column":2},"end":{"line":88,"column":3}},"59":{"start":{"line":80,"column":19},"end":{"line":80,"column":46}},"60":{"start":{"line":81,"column":4},"end":{"line":81,"column":70}},"61":{"start":{"line":83,"column":4},"end":{"line":87,"column":5}},"62":{"start":{"line":84,"column":6},"end":{"line":84,"column":26}},"63":{"start":{"line":86,"column":6},"end":{"line":86,"column":22}},"64":{"start":{"line":90,"column":2},"end":{"line":94,"column":46}},"65":{"start":{"line":91,"column":4},"end":{"line":91,"column":43}},"66":{"start":{"line":92,"column":4},"end":{"line":92,"column":59}},"67":{"start":{"line":93,"column":4},"end":{"line":93,"column":37}},"68":{"start":{"line":94,"column":9},"end":{"line":94,"column":46}},"69":{"start":{"line":97,"column":2},"end":{"line":97,"column":14}},"70":{"start":{"line":100,"column":0},"end":{"line":116,"column":2}},"71":{"start":{"line":103,"column":2},"end":{"line":103,"column":32}},"72":{"start":{"line":103,"column":19},"end":{"line":103,"column":32}},"73":{"start":{"line":104,"column":13},"end":{"line":104,"column":44}},"74":{"start":{"line":105,"column":2},"end":{"line":105,"column":57}},"75":{"start":{"line":107,"column":2},"end":{"line":111,"column":3}},"76":{"start":{"line":108,"column":4},"end":{"line":108,"column":13}},"77":{"start":{"line":109,"column":4},"end":{"line":109,"column":43}},"78":{"start":{"line":110,"column":4},"end":{"line":110,"column":59}},"79":{"start":{"line":113,"column":2},"end":{"line":113,"column":39}},"80":{"start":{"line":114,"column":2},"end":{"line":114,"column":20}},"81":{"start":{"line":115,"column":2},"end":{"line":115,"column":14}},"82":{"start":{"line":118,"column":0},"end":{"line":145,"column":2}},"83":{"start":{"line":121,"column":2},"end":{"line":121,"column":32}},"84":{"start":{"line":121,"column":19},"end":{"line":121,"column":32}},"85":{"start":{"line":122,"column":13},"end":{"line":122,"column":44}},"86":{"start":{"line":124,"column":2},"end":{"line":142,"column":3}},"87":{"start":{"line":125,"column":4},"end":{"line":141,"column":5}},"88":{"start":{"line":126,"column":6},"end":{"line":126,"column":15}},"89":{"start":{"line":127,"column":6},"end":{"line":127,"column":22}},"90":{"start":{"line":129,"column":6},"end":{"line":133,"column":50}},"91":{"start":{"line":130,"column":8},"end":{"line":130,"column":47}},"92":{"start":{"line":131,"column":8},"end":{"line":131,"column":63}},"93":{"start":{"line":132,"column":8},"end":{"line":132,"column":41}},"94":{"start":{"line":133,"column":13},"end":{"line":133,"column":50}},"95":{"start":{"line":135,"column":6},"end":{"line":135,"column":18}},"96":{"start":{"line":140,"column":6},"end":{"line":140,"column":24}},"97":{"start":{"line":144,"column":2},"end":{"line":144,"column":15}},"98":{"start":{"line":147,"column":0},"end":{"line":168,"column":2}},"99":{"start":{"line":148,"column":2},"end":{"line":148,"column":32}},"100":{"start":{"line":148,"column":19},"end":{"line":148,"column":32}},"101":{"start":{"line":149,"column":13},"end":{"line":149,"column":44}},"102":{"start":{"line":151,"column":2},"end":{"line":165,"column":3}},"103":{"start":{"line":152,"column":4},"end":{"line":164,"column":5}},"104":{"start":{"line":153,"column":6},"end":{"line":153,"column":15}},"105":{"start":{"line":154,"column":6},"end":{"line":154,"column":22}},"106":{"start":{"line":156,"column":6},"end":{"line":160,"column":50}},"107":{"start":{"line":157,"column":8},"end":{"line":157,"column":47}},"108":{"start":{"line":158,"column":8},"end":{"line":158,"column":63}},"109":{"start":{"line":159,"column":8},"end":{"line":159,"column":41}},"110":{"start":{"line":160,"column":13},"end":{"line":160,"column":50}},"111":{"start":{"line":163,"column":6},"end":{"line":163,"column":18}},"112":{"start":{"line":167,"column":2},"end":{"line":167,"column":15}},"113":{"start":{"line":170,"column":0},"end":{"line":190,"column":2}},"114":{"start":{"line":171,"column":2},"end":{"line":171,"column":32}},"115":{"start":{"line":171,"column":19},"end":{"line":171,"column":32}},"116":{"start":{"line":172,"column":13},"end":{"line":172,"column":44}},"117":{"start":{"line":174,"column":2},"end":{"line":187,"column":3}},"118":{"start":{"line":175,"column":4},"end":{"line":186,"column":5}},"119":{"start":{"line":176,"column":6},"end":{"line":176,"column":15}},"120":{"start":{"line":177,"column":6},"end":{"line":177,"column":22}},"121":{"start":{"line":179,"column":6},"end":{"line":183,"column":50}},"122":{"start":{"line":180,"column":8},"end":{"line":180,"column":47}},"123":{"start":{"line":181,"column":8},"end":{"line":181,"column":63}},"124":{"start":{"line":182,"column":8},"end":{"line":182,"column":41}},"125":{"start":{"line":183,"column":13},"end":{"line":183,"column":50}},"126":{"start":{"line":185,"column":6},"end":{"line":185,"column":18}},"127":{"start":{"line":189,"column":2},"end":{"line":189,"column":15}},"128":{"start":{"line":192,"column":0},"end":{"line":217,"column":2}},"129":{"start":{"line":193,"column":2},"end":{"line":193,"column":26}},"130":{"start":{"line":193,"column":19},"end":{"line":193,"column":26}},"131":{"start":{"line":194,"column":2},"end":{"line":194,"column":19}},"132":{"start":{"line":195,"column":13},"end":{"line":195,"column":44}},"133":{"start":{"line":196,"column":14},"end":{"line":196,"column":47}},"134":{"start":{"line":198,"column":2},"end":{"line":213,"column":3}},"135":{"start":{"line":199,"column":4},"end":{"line":199,"column":41}},"136":{"start":{"line":201,"column":4},"end":{"line":212,"column":5}},"137":{"start":{"line":202,"column":6},"end":{"line":202,"column":22}},"138":{"start":{"line":203,"column":6},"end":{"line":203,"column":25}},"139":{"start":{"line":205,"column":6},"end":{"line":209,"column":50}},"140":{"start":{"line":206,"column":8},"end":{"line":206,"column":47}},"141":{"start":{"line":207,"column":8},"end":{"line":207,"column":63}},"142":{"start":{"line":208,"column":8},"end":{"line":208,"column":41}},"143":{"start":{"line":209,"column":13},"end":{"line":209,"column":50}},"144":{"start":{"line":211,"column":6},"end":{"line":211,"column":18}},"145":{"start":{"line":215,"column":2},"end":{"line":215,"column":20}},"146":{"start":{"line":216,"column":2},"end":{"line":216,"column":15}},"147":{"start":{"line":219,"column":0},"end":{"line":235,"column":2}},"148":{"start":{"line":220,"column":13},"end":{"line":220,"column":44}},"149":{"start":{"line":221,"column":10},"end":{"line":221,"column":72}},"150":{"start":{"line":223,"column":2},"end":{"line":232,"column":3}},"151":{"start":{"line":224,"column":4},"end":{"line":227,"column":5}},"152":{"start":{"line":224,"column":17},"end":{"line":224,"column":29}},"153":{"start":{"line":225,"column":6},"end":{"line":225,"column":27}},"154":{"start":{"line":226,"column":6},"end":{"line":226,"column":76}},"155":{"start":{"line":229,"column":4},"end":{"line":229,"column":20}},"156":{"start":{"line":230,"column":4},"end":{"line":230,"column":41}},"157":{"start":{"line":231,"column":4},"end":{"line":231,"column":20}},"158":{"start":{"line":234,"column":2},"end":{"line":234,"column":11}},"159":{"start":{"line":237,"column":15},"end":{"line":237,"column":20}},"160":{"start":{"line":238,"column":0},"end":{"line":238,"column":30}}},"fnMap":{"0":{"name":"Board","decl":{"start":{"line":10,"column":9},"end":{"line":10,"column":14}},"loc":{"start":{"line":10,"column":30},"end":{"line":21,"column":1}},"line":10},"1":{"name":"(anonymous_1)","decl":{"start":{"line":23,"column":24},"end":{"line":23,"column":25}},"loc":{"start":{"line":23,"column":36},"end":{"line":37,"column":1}},"line":23},"2":{"name":"(anonymous_2)","decl":{"start":{"line":26,"column":11},"end":{"line":26,"column":12}},"loc":{"start":{"line":26,"column":23},"end":{"line":33,"column":3}},"line":26},"3":{"name":"(anonymous_3)","decl":{"start":{"line":39,"column":23},"end":{"line":39,"column":24}},"loc":{"start":{"line":39,"column":35},"end":{"line":44,"column":1}},"line":39},"4":{"name":"(anonymous_4)","decl":{"start":{"line":46,"column":22},"end":{"line":46,"column":23}},"loc":{"start":{"line":46,"column":34},"end":{"line":50,"column":1}},"line":46},"5":{"name":"(anonymous_5)","decl":{"start":{"line":52,"column":22},"end":{"line":52,"column":23}},"loc":{"start":{"line":52,"column":39},"end":{"line":67,"column":1}},"line":52},"6":{"name":"(anonymous_6)","decl":{"start":{"line":69,"column":27},"end":{"line":69,"column":28}},"loc":{"start":{"line":69,"column":39},"end":{"line":98,"column":1}},"line":69},"7":{"name":"(anonymous_7)","decl":{"start":{"line":73,"column":23},"end":{"line":73,"column":24}},"loc":{"start":{"line":73,"column":36},"end":{"line":75,"column":3}},"line":73},"8":{"name":"(anonymous_8)","decl":{"start":{"line":100,"column":24},"end":{"line":100,"column":25}},"loc":{"start":{"line":100,"column":36},"end":{"line":116,"column":1}},"line":100},"9":{"name":"(anonymous_9)","decl":{"start":{"line":118,"column":23},"end":{"line":118,"column":24}},"loc":{"start":{"line":118,"column":35},"end":{"line":145,"column":1}},"line":118},"10":{"name":"(anonymous_10)","decl":{"start":{"line":147,"column":23},"end":{"line":147,"column":24}},"loc":{"start":{"line":147,"column":35},"end":{"line":168,"column":1}},"line":147},"11":{"name":"(anonymous_11)","decl":{"start":{"line":170,"column":24},"end":{"line":170,"column":25}},"loc":{"start":{"line":170,"column":36},"end":{"line":190,"column":1}},"line":170},"12":{"name":"(anonymous_12)","decl":{"start":{"line":192,"column":25},"end":{"line":192,"column":26}},"loc":{"start":{"line":192,"column":37},"end":{"line":217,"column":1}},"line":192},"13":{"name":"(anonymous_13)","decl":{"start":{"line":219,"column":25},"end":{"line":219,"column":26}},"loc":{"start":{"line":219,"column":37},"end":{"line":235,"column":1}},"line":219}},"branchMap":{"0":{"loc":{"start":{"line":27,"column":4},"end":{"line":30,"column":5}},"type":"if","locations":[{"start":{"line":27,"column":4},"end":{"line":30,"column":5}},{"start":{"line":27,"column":4},"end":{"line":30,"column":5}}],"line":27},"1":{"loc":{"start":{"line":28,"column":6},"end":{"line":28,"column":57}},"type":"if","locations":[{"start":{"line":28,"column":6},"end":{"line":28,"column":57}},{"start":{"line":28,"column":6},"end":{"line":28,"column":57}}],"line":28},"2":{"loc":{"start":{"line":32,"column":4},"end":{"line":32,"column":66}},"type":"if","locations":[{"start":{"line":32,"column":4},"end":{"line":32,"column":66}},{"start":{"line":32,"column":4},"end":{"line":32,"column":66}}],"line":32},"3":{"loc":{"start":{"line":40,"column":2},"end":{"line":40,"column":29}},"type":"if","locations":[{"start":{"line":40,"column":2},"end":{"line":40,"column":29}},{"start":{"line":40,"column":2},"end":{"line":40,"column":29}}],"line":40},"4":{"loc":{"start":{"line":48,"column":2},"end":{"line":48,"column":73}},"type":"if","locations":[{"start":{"line":48,"column":2},"end":{"line":48,"column":73}},{"start":{"line":48,"column":2},"end":{"line":48,"column":73}}],"line":48},"5":{"loc":{"start":{"line":53,"column":2},"end":{"line":53,"column":41}},"type":"if","locations":[{"start":{"line":53,"column":2},"end":{"line":53,"column":41}},{"start":{"line":53,"column":2},"end":{"line":53,"column":41}}],"line":53},"6":{"loc":{"start":{"line":53,"column":6},"end":{"line":53,"column":26}},"type":"binary-expr","locations":[{"start":{"line":53,"column":6},"end":{"line":53,"column":16}},{"start":{"line":53,"column":20},"end":{"line":53,"column":26}}],"line":53},"7":{"loc":{"start":{"line":59,"column":2},"end":{"line":66,"column":3}},"type":"if","locations":[{"start":{"line":59,"column":2},"end":{"line":66,"column":3}},{"start":{"line":59,"column":2},"end":{"line":66,"column":3}}],"line":59},"8":{"loc":{"start":{"line":72,"column":2},"end":{"line":72,"column":73}},"type":"if","locations":[{"start":{"line":72,"column":2},"end":{"line":72,"column":73}},{"start":{"line":72,"column":2},"end":{"line":72,"column":73}}],"line":72},"9":{"loc":{"start":{"line":76,"column":2},"end":{"line":76,"column":22}},"type":"if","locations":[{"start":{"line":76,"column":2},"end":{"line":76,"column":22}},{"start":{"line":76,"column":2},"end":{"line":76,"column":22}}],"line":76},"10":{"loc":{"start":{"line":79,"column":2},"end":{"line":88,"column":3}},"type":"if","locations":[{"start":{"line":79,"column":2},"end":{"line":88,"column":3}},{"start":{"line":79,"column":2},"end":{"line":88,"column":3}}],"line":79},"11":{"loc":{"start":{"line":83,"column":4},"end":{"line":87,"column":5}},"type":"if","locations":[{"start":{"line":83,"column":4},"end":{"line":87,"column":5}},{"start":{"line":83,"column":4},"end":{"line":87,"column":5}}],"line":83},"12":{"loc":{"start":{"line":90,"column":2},"end":{"line":94,"column":46}},"type":"if","locations":[{"start":{"line":90,"column":2},"end":{"line":94,"column":46}},{"start":{"line":90,"column":2},"end":{"line":94,"column":46}}],"line":90},"13":{"loc":{"start":{"line":90,"column":6},"end":{"line":90,"column":38}},"type":"binary-expr","locations":[{"start":{"line":90,"column":6},"end":{"line":90,"column":24}},{"start":{"line":90,"column":28},"end":{"line":90,"column":38}}],"line":90},"14":{"loc":{"start":{"line":103,"column":2},"end":{"line":103,"column":32}},"type":"if","locations":[{"start":{"line":103,"column":2},"end":{"line":103,"column":32}},{"start":{"line":103,"column":2},"end":{"line":103,"column":32}}],"line":103},"15":{"loc":{"start":{"line":121,"column":2},"end":{"line":121,"column":32}},"type":"if","locations":[{"start":{"line":121,"column":2},"end":{"line":121,"column":32}},{"start":{"line":121,"column":2},"end":{"line":121,"column":32}}],"line":121},"16":{"loc":{"start":{"line":124,"column":2},"end":{"line":142,"column":3}},"type":"if","locations":[{"start":{"line":124,"column":2},"end":{"line":142,"column":3}},{"start":{"line":124,"column":2},"end":{"line":142,"column":3}}],"line":124},"17":{"loc":{"start":{"line":125,"column":4},"end":{"line":141,"column":5}},"type":"if","locations":[{"start":{"line":125,"column":4},"end":{"line":141,"column":5}},{"start":{"line":125,"column":4},"end":{"line":141,"column":5}}],"line":125},"18":{"loc":{"start":{"line":129,"column":6},"end":{"line":133,"column":50}},"type":"if","locations":[{"start":{"line":129,"column":6},"end":{"line":133,"column":50}},{"start":{"line":129,"column":6},"end":{"line":133,"column":50}}],"line":129},"19":{"loc":{"start":{"line":148,"column":2},"end":{"line":148,"column":32}},"type":"if","locations":[{"start":{"line":148,"column":2},"end":{"line":148,"column":32}},{"start":{"line":148,"column":2},"end":{"line":148,"column":32}}],"line":148},"20":{"loc":{"start":{"line":151,"column":2},"end":{"line":165,"column":3}},"type":"if","locations":[{"start":{"line":151,"column":2},"end":{"line":165,"column":3}},{"start":{"line":151,"column":2},"end":{"line":165,"column":3}}],"line":151},"21":{"loc":{"start":{"line":152,"column":4},"end":{"line":164,"column":5}},"type":"if","locations":[{"start":{"line":152,"column":4},"end":{"line":164,"column":5}},{"start":{"line":152,"column":4},"end":{"line":164,"column":5}}],"line":152},"22":{"loc":{"start":{"line":156,"column":6},"end":{"line":160,"column":50}},"type":"if","locations":[{"start":{"line":156,"column":6},"end":{"line":160,"column":50}},{"start":{"line":156,"column":6},"end":{"line":160,"column":50}}],"line":156},"23":{"loc":{"start":{"line":171,"column":2},"end":{"line":171,"column":32}},"type":"if","locations":[{"start":{"line":171,"column":2},"end":{"line":171,"column":32}},{"start":{"line":171,"column":2},"end":{"line":171,"column":32}}],"line":171},"24":{"loc":{"start":{"line":174,"column":2},"end":{"line":187,"column":3}},"type":"if","locations":[{"start":{"line":174,"column":2},"end":{"line":187,"column":3}},{"start":{"line":174,"column":2},"end":{"line":187,"column":3}}],"line":174},"25":{"loc":{"start":{"line":175,"column":4},"end":{"line":186,"column":5}},"type":"if","locations":[{"start":{"line":175,"column":4},"end":{"line":186,"column":5}},{"start":{"line":175,"column":4},"end":{"line":186,"column":5}}],"line":175},"26":{"loc":{"start":{"line":179,"column":6},"end":{"line":183,"column":50}},"type":"if","locations":[{"start":{"line":179,"column":6},"end":{"line":183,"column":50}},{"start":{"line":179,"column":6},"end":{"line":183,"column":50}}],"line":179},"27":{"loc":{"start":{"line":193,"column":2},"end":{"line":193,"column":26}},"type":"if","locations":[{"start":{"line":193,"column":2},"end":{"line":193,"column":26}},{"start":{"line":193,"column":2},"end":{"line":193,"column":26}}],"line":193},"28":{"loc":{"start":{"line":198,"column":2},"end":{"line":213,"column":3}},"type":"if","locations":[{"start":{"line":198,"column":2},"end":{"line":213,"column":3}},{"start":{"line":198,"column":2},"end":{"line":213,"column":3}}],"line":198},"29":{"loc":{"start":{"line":201,"column":4},"end":{"line":212,"column":5}},"type":"if","locations":[{"start":{"line":201,"column":4},"end":{"line":212,"column":5}},{"start":{"line":201,"column":4},"end":{"line":212,"column":5}}],"line":201},"30":{"loc":{"start":{"line":205,"column":6},"end":{"line":209,"column":50}},"type":"if","locations":[{"start":{"line":205,"column":6},"end":{"line":209,"column":50}},{"start":{"line":205,"column":6},"end":{"line":209,"column":50}}],"line":205},"31":{"loc":{"start":{"line":223,"column":2},"end":{"line":232,"column":3}},"type":"if","locations":[{"start":{"line":223,"column":2},"end":{"line":232,"column":3}},{"start":{"line":223,"column":2},"end":{"line":232,"column":3}}],"line":223}},"s":{"0":1,"1":1,"2":1,"3":19,"4":19,"5":19,"6":19,"7":19,"8":19,"9":19,"10":19,"11":19,"12":19,"13":1,"14":13,"15":13,"16":3,"17":3,"18":0,"19":3,"20":3,"21":3,"22":13,"23":13,"24":1,"25":16,"26":0,"27":16,"28":16,"29":16,"30":1,"31":21,"32":21,"33":0,"34":21,"35":1,"36":4,"37":2,"38":2,"39":2,"40":2,"41":2,"42":2,"43":1,"44":1,"45":1,"46":1,"47":1,"48":1,"49":2,"50":2,"51":2,"52":0,"53":2,"54":20,"55":2,"56":0,"57":2,"58":2,"59":0,"60":0,"61":0,"62":0,"63":0,"64":2,"65":0,"66":0,"67":0,"68":2,"69":2,"70":1,"71":1,"72":0,"73":1,"74":1,"75":1,"76":16,"77":16,"78":16,"79":1,"80":1,"81":1,"82":1,"83":4,"84":3,"85":1,"86":1,"87":1,"88":1,"89":1,"90":1,"91":0,"92":0,"93":0,"94":1,"95":1,"96":0,"97":0,"98":1,"99":6,"100":0,"101":6,"102":6,"103":6,"104":4,"105":4,"106":4,"107":0,"108":0,"109":0,"110":4,"111":4,"112":2,"113":1,"114":9,"115":0,"116":9,"117":9,"118":9,"119":7,"120":7,"121":7,"122":0,"123":0,"124":0,"125":7,"126":7,"127":2,"128":1,"129":1,"130":0,"131":1,"132":1,"133":1,"134":1,"135":1,"136":1,"137":1,"138":1,"139":1,"140":0,"141":0,"142":0,"143":1,"144":1,"145":0,"146":0,"147":1,"148":3,"149":3,"150":3,"151":0,"152":0,"153":0,"154":0,"155":0,"156":0,"157":0,"158":3,"159":1,"160":1},"f":{"0":19,"1":13,"2":3,"3":16,"4":21,"5":4,"6":2,"7":20,"8":1,"9":4,"10":6,"11":9,"12":1,"13":3},"b":{"0":[3,0],"1":[0,3],"2":[3,0],"3":[0,16],"4":[0,21],"5":[2,2],"6":[4,3],"7":[1,1],"8":[0,2],"9":[0,2],"10":[0,2],"11":[0,0],"12":[0,2],"13":[2,0],"14":[0,1],"15":[3,1],"16":[1,0],"17":[1,0],"18":[0,1],"19":[0,6],"20":[6,0],"21":[4,2],"22":[0,4],"23":[0,9],"24":[9,0],"25":[7,2],"26":[0,7],"27":[0,1],"28":[1,0],"29":[1,0],"30":[0,1],"31":[0,3]},"inputSourceMap":{"version":3,"sources":["Board.js"],"names":["Board","emitter","mode","event","map","piece","undefined","x","y","lock","malus","itr","nbr","prototype","start","fn","down","verify","emit","bind","setInterval","stop","clearInterval","get","copy","add","JSON","parse","stringify","Math","round","shape","length","cpy","setMalus","a","find","c","finalMap","place","left","right","rotate","r","i","splice"],"mappings":";;;;;;;AAAA;;AAYA,SAASA,KAAT,CAAeC,OAAf,EAAwBC,IAAxB,EAA8B;AAC7B,OAAKC,KAAL,GAAaF,OAAb;AACA,OAAKG,GAAL,GAAW,sBAAX;AACA,OAAKC,KAAL,GAAaC,SAAb;AACA,OAAKC,CAAL,GAAS,CAAT;AACA,OAAKC,CAAL,GAAS,CAAT;AACA,OAAKN,IAAL,GAAYA,IAAZ;AACA,OAAKO,IAAL,GAAY,KAAZ;AACA,OAAKC,KAAL,GAAa,CAAb;AACA,OAAKC,GAAL,GAAW,CAAX;AACA,OAAKC,GAAL,GAAW,CAAX;AACA;;AAEDZ,KAAK,CAACa,SAAN,CAAgBC,KAAhB,GAAwB,YAAY;AACnC,OAAKF,GAAL,GAAW,CAAX;;AACA,MAAIG,EAAE,GAAG,YAAY;AACpB,QAAI,KAAKC,IAAL,OAAgB,KAApB,EAA2B;AAC1B,UAAG,KAAKC,MAAL,OAAkB,CAArB,EACC,KAAKd,KAAL,CAAWe,IAAX,CAAgB,QAAhB;AACD,WAAKf,KAAL,CAAWe,IAAX,CAAgB,KAAhB,EAAuB,KAAKN,GAA5B;AACA;;AACD,QAAI,KAAKV,IAAL,KAAc,KAAlB,EACC,KAAKC,KAAL,CAAWe,IAAX,CAAgB,SAAhB,EAA2B,KAAKd,GAAhC;AACD,GARQ,CAQPe,IARO,CAQF,IARE,CAAT;;AAUA,OAAKR,GAAL,GAAWS,WAAW,CAACL,EAAD,EAAK,GAAL,CAAtB;AACA,SAAO,IAAP;AACA,CAdD;;AAgBAf,KAAK,CAACa,SAAN,CAAgBQ,IAAhB,GAAuB,YAAY;AAClC,MAAI,KAAKV,GAAL,KAAa,CAAjB,EACC;AACDW,EAAAA,aAAa,CAAC,KAAKX,GAAN,CAAb;AACA,OAAKA,GAAL,GAAWL,SAAX;AACA,OAAKH,KAAL,CAAWe,IAAX,CAAgB,KAAhB;AACA,CAND;;AAQAlB,KAAK,CAACa,SAAN,CAAgBU,GAAhB,GAAsB,YAAY;AACjC,MAAIC,IAAI,GAAG,sBAAQ,KAAKpB,GAAb,CAAX;AACA,MAAI,KAAKC,KAAT,EACC,qBAAOmB,IAAP,EAAa,KAAKnB,KAAlB,EAAyB,KAAKE,CAA9B,EAAiC,KAAKC,CAAtC;AACD,SAAOgB,IAAP;AACA,CALD;;AAOAxB,KAAK,CAACa,SAAN,CAAgBY,GAAhB,GAAsB,UAAUpB,KAAV,EAAiB;AACtC,MAAI,KAAKA,KAAL,IAAc,CAACA,KAAnB,EACC,OAAO,KAAP;AACD,OAAKA,KAAL,GAAaqB,IAAI,CAACC,KAAL,CAAWD,IAAI,CAACE,SAAL,CAAevB,KAAf,CAAX,CAAb;AACA,OAAKE,CAAL,GAASsB,IAAI,CAACC,KAAL,CAAW,CAAC,KAAKzB,KAAK,CAAC0B,KAAN,CAAY,CAAZ,EAAeC,MAArB,IAA+B,CAA1C,CAAT;AACA,OAAKxB,CAAL,GAAS,CAAT;AAEA,MAAIyB,GAAG,GAAG,sBAAQ,KAAK7B,GAAb,CAAV;;AACA,MAAI,wBAAU6B,GAAV,EAAe,KAAK5B,KAApB,EAA2B,KAAKE,CAAhC,EAAmC,KAAKC,CAAxC,CAAJ,EAAgD;AAC/C,SAAKJ,GAAL,GAAW6B,GAAX;AACA,SAAK9B,KAAL,CAAWe,IAAX,CAAgB,SAAhB,EAA2B,KAAKd,GAAhC;AACA,SAAKQ,GAAL;AACA,WAAO,IAAP;AACA,GALD,MAKO;AACN,WAAO,KAAP;AACA;AACD,CAhBD;;AAkBAZ,KAAK,CAACa,SAAN,CAAgBqB,QAAhB,GAA2B,YAAY;AACtC,OAAKxB,KAAL;AACA,MAAIc,IAAI,GAAG,sBAAQ,KAAKpB,GAAb,CAAX;AACA,MAAI,KAAKC,KAAT,EACC,qBAAOmB,IAAP,EAAa,KAAKnB,KAAlB,EAAyB,KAAKE,CAA9B,EAAiC,KAAKC,CAAtC;AAED,MAAI2B,CAAC,GAAGX,IAAI,CAAC,CAAD,CAAJ,CAAQY,IAAR,CAAa,UAASC,CAAT,EAAY;AAChC,WAAOA,CAAC,IAAI,GAAZ;AACA,GAFO,CAAR;AAGA,MAAIF,CAAJ,EACC,OAAO,KAAP;AACD,yBAASX,IAAT,EAAe,KAAK,KAAKd,KAAzB;;AACA,MAAI,KAAKL,KAAT,EAAgB;AACf,QAAIiC,QAAQ,GAAG,sBAAQd,IAAR,CAAf;AACA,4BAAUc,QAAV,EAAoB,KAAKjC,KAAzB,EAAgC,KAAKE,CAArC,EAAwC,KAAKC,CAAL,GAAQ,CAAhD;;AACA,QAAI,CAAC,wBAAUgB,IAAV,EAAgB,KAAKnB,KAArB,EAA4B,KAAKE,CAAjC,EAAoC,KAAKC,CAAzC,CAAL,EAAkD;AACjD,WAAKJ,GAAL,GAAWkC,QAAX;AACA,KAFD,MAEO;AACN,WAAKlC,GAAL,GAAWoB,IAAX;AACA;AACD;;AACD,MAAI,KAAKtB,IAAL,KAAc,IAAd,IAAsB,KAAKG,KAA/B,EAAsC;AACrCmB,IAAAA,IAAI,GAAG,sBAAQ,KAAKpB,GAAb,CAAP;AACA,yBAAOoB,IAAP,EAAa,KAAKnB,KAAlB,EAAyB,KAAKE,CAA9B,EAAiC,KAAKC,CAAtC;AACA,SAAKL,KAAL,CAAWe,IAAX,CAAgB,SAAhB,EAA2BM,IAA3B;AACA,GAJD,MAKC,KAAKrB,KAAL,CAAWe,IAAX,CAAgB,SAAhB,EAA2B,KAAKd,GAAhC,EA1BqC,CA2BvC;;;AACC,SAAO,IAAP;AACA,CA7BD;;AAgCAJ,KAAK,CAACa,SAAN,CAAgB0B,KAAhB,GAAwB,YAAY;AACnC;AACA;AACA,MAAI,CAAC,KAAKlC,KAAV,EACC,OAAO,KAAP;AACD,MAAImB,IAAI,GAAG,sBAAQ,KAAKpB,GAAb,CAAX;AACA,uBAAOoB,IAAP,EAAa,KAAKnB,KAAlB,EAAyB,KAAKE,CAA9B,EAAiC,KAAKC,CAAtC;;AACA,SAAM,wBAAUgB,IAAV,EAAgB,KAAKnB,KAArB,EAA4B,KAAKE,CAAjC,EAAoC,KAAKC,CAAL,GAAS,CAA7C,CAAN,EAAuD;AACtD,SAAKA,CAAL;AACA,SAAKJ,GAAL,GAAW,sBAAQoB,IAAR,CAAX;AACA,yBAAOA,IAAP,EAAa,KAAKnB,KAAlB,EAAyB,KAAKE,CAA9B,EAAiC,KAAKC,CAAtC;AACA;;AACD,OAAKL,KAAL,CAAWe,IAAX,CAAgB,SAAhB,EAA2B,KAAKd,GAAhC;AACA,SAAO,KAAKC,KAAZ;AACA,SAAO,IAAP;AACA,CAfD;;AAiBAL,KAAK,CAACa,SAAN,CAAgBG,IAAhB,GAAuB,YAAY;AAClC;AACA;AACA,MAAI,CAAC,KAAKX,KAAV,EACC,OAAO,KAAP;AACD,MAAImB,IAAI,GAAG,sBAAQ,KAAKpB,GAAb,CAAX;;AACA,MAAI,qBAAOoB,IAAP,EAAa,KAAKnB,KAAlB,EAAyB,KAAKE,CAA9B,EAAiC,KAAKC,CAAtC,CAAJ,EAA8C;AAC7C,QAAI,wBAAUgB,IAAV,EAAgB,KAAKnB,KAArB,EAA4B,KAAKE,CAAjC,EAAoC,KAAKC,CAAL,GAAO,CAA3C,CAAJ,EAAmD;AAClD,WAAKA,CAAL;AACA,WAAKJ,GAAL,GAAWoB,IAAX,CAFkD,CAGrD;;AACG,UAAI,KAAKtB,IAAL,IAAa,IAAjB,EAAuB;AACtBsB,QAAAA,IAAI,GAAG,sBAAQ,KAAKpB,GAAb,CAAP;AACA,6BAAOoB,IAAP,EAAa,KAAKnB,KAAlB,EAAyB,KAAKE,CAA9B,EAAiC,KAAKC,CAAtC;AACA,aAAKL,KAAL,CAAWe,IAAX,CAAgB,SAAhB,EAA2BM,IAA3B;AACA,OAJD,MAKC,KAAKrB,KAAL,CAAWe,IAAX,CAAgB,SAAhB,EAA2B,KAAKd,GAAhC;;AACD,aAAO,IAAP;AACA,KAXD,MAWO;AACT;AACA;AACA;AACG,aAAO,KAAKC,KAAZ;AACA;AACD;;AACD,SAAO,KAAP;AACA,CA1BD;;AA4BAL,KAAK,CAACa,SAAN,CAAgB2B,IAAhB,GAAuB,YAAY;AAClC,MAAI,CAAC,KAAKnC,KAAV,EACC,OAAO,KAAP;AACD,MAAImB,IAAI,GAAG,sBAAQ,KAAKpB,GAAb,CAAX;;AACA,MAAI,qBAAOoB,IAAP,EAAa,KAAKnB,KAAlB,EAAyB,KAAKE,CAA9B,EAAiC,KAAKC,CAAtC,CAAJ,EAA8C;AAC7C,QAAI,wBAAUgB,IAAV,EAAgB,KAAKnB,KAArB,EAA4B,KAAKE,CAAL,GAAS,CAArC,EAAwC,KAAKC,CAA7C,CAAJ,EAAqD;AACpD,WAAKD,CAAL;AACA,WAAKH,GAAL,GAAWoB,IAAX;;AACA,UAAI,KAAKtB,IAAL,IAAa,IAAjB,EAAuB;AACtBsB,QAAAA,IAAI,GAAG,sBAAQ,KAAKpB,GAAb,CAAP;AACA,6BAAOoB,IAAP,EAAa,KAAKnB,KAAlB,EAAyB,KAAKE,CAA9B,EAAiC,KAAKC,CAAtC;AACA,aAAKL,KAAL,CAAWe,IAAX,CAAgB,SAAhB,EAA2BM,IAA3B;AACA,OAJD,MAKC,KAAKrB,KAAL,CAAWe,IAAX,CAAgB,SAAhB,EAA2B,KAAKd,GAAhC,EARmD,CASpD;;;AACA,aAAO,IAAP;AACA;AACD;;AACD,SAAO,KAAP;AAEA,CApBD;;AAsBAJ,KAAK,CAACa,SAAN,CAAgB4B,KAAhB,GAAwB,YAAY;AACnC,MAAI,CAAC,KAAKpC,KAAV,EACC,OAAO,KAAP;AACD,MAAImB,IAAI,GAAG,sBAAQ,KAAKpB,GAAb,CAAX;;AACA,MAAI,qBAAOoB,IAAP,EAAa,KAAKnB,KAAlB,EAAyB,KAAKE,CAA9B,EAAiC,KAAKC,CAAtC,CAAJ,EAA8C;AAC7C,QAAI,wBAAUgB,IAAV,EAAgB,KAAKnB,KAArB,EAA4B,KAAKE,CAAL,GAAS,CAArC,EAAwC,KAAKC,CAA7C,CAAJ,EAAqD;AACpD,WAAKD,CAAL;AACA,WAAKH,GAAL,GAAWoB,IAAX,CAFoD,CAGvD;;AACG,UAAI,KAAKtB,IAAL,IAAa,IAAjB,EAAuB;AACtBsB,QAAAA,IAAI,GAAG,sBAAQ,KAAKpB,GAAb,CAAP;AACA,6BAAOoB,IAAP,EAAa,KAAKnB,KAAlB,EAAyB,KAAKE,CAA9B,EAAiC,KAAKC,CAAtC;AACA,aAAKL,KAAL,CAAWe,IAAX,CAAgB,SAAhB,EAA2BM,IAA3B;AACA,OAJD,MAKC,KAAKrB,KAAL,CAAWe,IAAX,CAAgB,SAAhB,EAA2B,KAAKd,GAAhC;;AACD,aAAO,IAAP;AACA;AACD;;AACD,SAAO,KAAP;AACA,CAnBD;;AAqBAJ,KAAK,CAACa,SAAN,CAAgB6B,MAAhB,GAAyB,YAAY;AACpC,MAAI,CAAC,KAAKrC,KAAV,EACC;AACD,OAAKI,IAAL,GAAY,IAAZ;AACA,MAAIe,IAAI,GAAG,sBAAQ,KAAKpB,GAAb,CAAX;AACA,MAAIC,KAAK,GAAG,sBAAQ,KAAKA,KAAb,CAAZ;;AACA,MAAI,qBAAOmB,IAAP,EAAanB,KAAb,EAAoB,KAAKE,CAAzB,EAA4B,KAAKC,CAAjC,CAAJ,EAAyC;AACxC,kCAAgBH,KAAhB;;AACA,QAAI,wBAAUmB,IAAV,EAAgBnB,KAAhB,EAAuB,KAAKE,CAA5B,EAA+B,KAAKC,CAApC,CAAJ,EAA4C;AAC3C,WAAKJ,GAAL,GAAWoB,IAAX;AACA,WAAKnB,KAAL,GAAaA,KAAb,CAF2C,CAG9C;;AACG,UAAI,KAAKH,IAAL,IAAa,IAAjB,EAAuB;AACtBsB,QAAAA,IAAI,GAAG,sBAAQ,KAAKpB,GAAb,CAAP;AACA,6BAAOoB,IAAP,EAAa,KAAKnB,KAAlB,EAAyB,KAAKE,CAA9B,EAAiC,KAAKC,CAAtC;AACA,aAAKL,KAAL,CAAWe,IAAX,CAAgB,SAAhB,EAA2BM,IAA3B;AACA,OAJD,MAKC,KAAKrB,KAAL,CAAWe,IAAX,CAAgB,SAAhB,EAA2B,KAAKd,GAAhC;;AACD,aAAO,IAAP;AACA;AACD;;AACD,OAAKK,IAAL,GAAY,KAAZ;AACA,SAAO,KAAP;AACA,CAvBD;;AAyBAT,KAAK,CAACa,SAAN,CAAgBI,MAAhB,GAAyB,YAAY;AACpC,MAAIO,IAAI,GAAG,sBAAQ,KAAKpB,GAAb,CAAX;AACA,MAAIuC,CAAC,GAAG,uBAAS,KAAKvC,GAAd,EAAmB,KAAKA,GAAL,CAAS4B,MAAT,GAAkB,KAAKtB,KAA1C,CAAR;;AACA,MAAIiC,CAAC,CAACX,MAAF,GAAW,CAAf,EAAkB;AACjB,SAAK,IAAIY,CAAC,GAAGD,CAAC,CAACX,MAAF,GAAW,CAAxB,EAA2BY,CAAC,IAAI,CAAhC,EAAmCA,CAAC,EAApC,EAAwC;AACvCpB,MAAAA,IAAI,CAACqB,MAAL,CAAYF,CAAC,CAACC,CAAD,CAAb,EAAkB,CAAlB;AACApB,MAAAA,IAAI,CAACqB,MAAL,CAAY,CAAZ,EAAe,CAAf,EAAkB,CAAE,GAAF,EAAO,GAAP,EAAY,GAAZ,EAAiB,GAAjB,EAAsB,GAAtB,EAA2B,GAA3B,EAAgC,GAAhC,EAAqC,GAArC,EAA0C,GAA1C,EAA+C,GAA/C,CAAlB;AACA;;AACD,SAAKzC,GAAL,GAAWoB,IAAX;AACA,SAAKrB,KAAL,CAAWe,IAAX,CAAgB,SAAhB,EAA2B,KAAKd,GAAhC;AACA,WAAOuC,CAAC,CAACX,MAAT;AACA;;AACD,SAAO,CAAP;AACA,CAbD;;eAeehC,K","sourceRoot":"/home/zadrien/projects/red_tetris/server/src/Game","sourcesContent":["import {\n\tnewMap,\n\tcopyMap,\n\tshowMap,\n\tremove,\n\tplaceable,\n\tfillLine,\n\tfullLine,\n\trotateClockwise,\n\trotateUndo\n} from './helpers'\n\nfunction Board(emitter, mode) {\n\tthis.event = emitter\n\tthis.map = newMap()\n\tthis.piece = undefined\n\tthis.x = 0\n\tthis.y = 0\n\tthis.mode = mode\n\tthis.lock = false\n\tthis.malus = 0\n\tthis.itr = 0\n\tthis.nbr = 0\n}\n\nBoard.prototype.start = function () {\n\tthis.nbr = 0\n\tvar fn = function () {\n\t\tif (this.down() === false) {\n\t\t\tif(this.verify() !== 0)\n\t\t\t\tthis.event.emit('mallus')\n\t\t\tthis.event.emit('add', this.nbr)\n\t\t}\n\t\tif (this.mode === false)\n\t\t\tthis.event.emit('display', this.map)\n\t}.bind(this)\n\n\tthis.itr = setInterval(fn, 900)\n\treturn true\n}\n\nBoard.prototype.stop = function () {\n\tif (this.itr === 0)\n\t\treturn\n\tclearInterval(this.itr)\n\tthis.itr = undefined\n\tthis.event.emit(\"end\")\n}\n\nBoard.prototype.get = function () {\n\tvar copy = copyMap(this.map);\n\tif (this.piece)\n\t\tremove(copy, this.piece, this.x, this.y);\n\treturn copy;\n}\n\nBoard.prototype.add = function (piece) {\n\tif (this.piece || !piece)\n\t\treturn false\n\tthis.piece = JSON.parse(JSON.stringify(piece))\n\tthis.x = Math.round((10 - piece.shape[0].length) / 2);\n\tthis.y = 0\n\t\n\tvar cpy = copyMap(this.map)\n\tif (placeable(cpy, this.piece, this.x, this.y)) {\n\t\tthis.map = cpy\n\t\tthis.event.emit(\"display\", this.map)\n\t\tthis.nbr++\n\t\treturn true\n\t} else {\n\t\treturn false\n\t}\n}\n\nBoard.prototype.setMalus = function () {\n\tthis.malus++\n\tvar copy = copyMap(this.map)\n\tif (this.piece)\n\t\tremove(copy, this.piece, this.x, this.y)\n\t\n\tvar a = copy[0].find(function(c) {\n\t\treturn c != '.'\n\t})\n\tif (a)\n\t\treturn false\n\tfillLine(copy, 20 - this.malus)\n\tif (this.piece) {\n\t\tvar finalMap = copyMap(copy)\n\t\tplaceable(finalMap, this.piece, this.x, this.y -1)\n\t\tif (!placeable(copy, this.piece, this.x, this.y)) {\n\t\t\tthis.map = finalMap\n\t\t} else {\n\t\t\tthis.map = copy\n\t\t}\n\t}\n\tif (this.mode === true && this.piece) {\n\t\tcopy = copyMap(this.map)\n\t\tremove(copy, this.piece, this.x, this.y)\n\t\tthis.event.emit(\"display\", copy)\n\t} else\n\t\tthis.event.emit(\"display\", this.map)\n//\tshowMap(this.map)\n\treturn true\n}\n\n\nBoard.prototype.place = function () {\n\t// if (this.lock)\n\t// \treturn \n\tif (!this.piece)\n\t\treturn false\n\tvar copy = copyMap(this.map)\n\tremove(copy, this.piece, this.x, this.y)\n\twhile(placeable(copy, this.piece, this.x, this.y + 1)) {\n\t\tthis.y++\n\t\tthis.map = copyMap(copy)\n\t\tremove(copy, this.piece, this.x, this.y)\n\t}\n\tthis.event.emit(\"display\", this.map)\n\tdelete this.piece\n\treturn true\n}\n\nBoard.prototype.down = function () {\n\t// if (this.lock)\n\t// \treturn\n\tif (!this.piece)\n\t\treturn false\n\tvar copy = copyMap(this.map)\n\tif (remove(copy, this.piece, this.x, this.y)) {\n\t\tif (placeable(copy, this.piece, this.x, this.y+1)) {\n\t\t\tthis.y++\n\t\t\tthis.map = copy\n//\t\t\tshowMap(this.map)\n\t\t\tif (this.mode == true) {\n\t\t\t\tcopy = copyMap(this.map)\n\t\t\t\tremove(copy, this.piece, this.x, this.y)\n\t\t\t\tthis.event.emit(\"display\", copy)\n\t\t\t} else\n\t\t\t\tthis.event.emit(\"display\", this.map)\n\t\t\treturn true\n\t\t} else {\n//\t\t\tconsole.log(\"//////can't move doown piece\\\\\\\\\\\\\")\n//\t\t\tshowMap(this.map)\n//\t\t\tconsole.log(this.piece, this.x, this.y)\n\t\t\tdelete this.piece\n\t\t}\n\t}\n\treturn false\n}\n\nBoard.prototype.left = function () {\n\tif (!this.piece)\n\t\treturn false\n\tvar copy = copyMap(this.map)\n\tif (remove(copy, this.piece, this.x, this.y)) {\n\t\tif (placeable(copy, this.piece, this.x - 1, this.y)) {\n\t\t\tthis.x--\n\t\t\tthis.map = copy\n\t\t\tif (this.mode == true) {\n\t\t\t\tcopy = copyMap(this.map)\n\t\t\t\tremove(copy, this.piece, this.x, this.y)\n\t\t\t\tthis.event.emit(\"display\", copy)\n\t\t\t} else\n\t\t\t\tthis.event.emit(\"display\", this.map)\n\t\t\t//\t\t\tshowMap(this.map)\n\t\t\treturn true\n\t\t}\n\t}\n\treturn false\n\n}\n\nBoard.prototype.right = function () {\n\tif (!this.piece)\n\t\treturn false\n\tvar copy = copyMap(this.map)\n\tif (remove(copy, this.piece, this.x, this.y)) {\n\t\tif (placeable(copy, this.piece, this.x + 1, this.y)) {\n\t\t\tthis.x++\n\t\t\tthis.map = copy\n//\t\t\tshowMap(this.map)\n\t\t\tif (this.mode == true) {\n\t\t\t\tcopy = copyMap(this.map)\n\t\t\t\tremove(copy, this.piece, this.x, this.y)\n\t\t\t\tthis.event.emit(\"display\", copy)\n\t\t\t} else\n\t\t\t\tthis.event.emit(\"display\", this.map)\n\t\t\treturn true\n\t\t}\n\t}\n\treturn false\n}\n\nBoard.prototype.rotate = function () {\n\tif (!this.piece)\n\t\treturn\n\tthis.lock = true;\n\tvar copy = copyMap(this.map)\n\tvar piece = copyMap(this.piece)\t\t\n\tif (remove(copy, piece, this.x, this.y)) {\n\t\trotateClockwise(piece)\n\t\tif (placeable(copy, piece, this.x, this.y)) {\n\t\t\tthis.map = copy\n\t\t\tthis.piece = piece\n//\t\t\tshowMap(this.map)\n\t\t\tif (this.mode == true) {\n\t\t\t\tcopy = copyMap(this.map)\n\t\t\t\tremove(copy, this.piece, this.x, this.y)\n\t\t\t\tthis.event.emit(\"display\", copy)\n\t\t\t} else\n\t\t\t\tthis.event.emit(\"display\", this.map)\n\t\t\treturn true\n\t\t}\n\t}\n\tthis.lock = false;\n\treturn false\n}\n\nBoard.prototype.verify = function () {\n\tvar copy = copyMap(this.map)\n\tvar r = fullLine(this.map, this.map.length - this.malus)\n\tif (r.length > 0) {\n\t\tfor (var i = r.length - 1; i >= 0; i--) {\n\t\t\tcopy.splice(r[i], 1)\n\t\t\tcopy.splice(0, 0, [ \".\", \".\", \".\", \".\", \".\", \".\", \".\", \".\", \".\", \".\" ])\n\t\t}\n\t\tthis.map = copy\n\t\tthis.event.emit(\"display\", this.map)\n\t\treturn r.length\n\t}\n\treturn 0\n}\n\nexport default Board\n"]},"_coverageSchema":"1a1c01bbd47fc00a2c39e90264f33305004495a9","hash":"968a69e6c5ce6e14772f8875d9cbf32cef0e6dff","contentHash":"5579742d25b8e337356cd7eed883bf2a86c2db64a0d19816f13d4713136a6e86"},"/home/zadrien/projects/red_tetris/server/src/Game/helpers.js":{"path":"/home/zadrien/projects/red_tetris/server/src/Game/helpers.js","statementMap":{"0":{"start":{"line":3,"column":0},"end":{"line":5,"column":3}},"1":{"start":{"line":6,"column":0},"end":{"line":6,"column":24}},"2":{"start":{"line":7,"column":0},"end":{"line":7,"column":26}},"3":{"start":{"line":8,"column":0},"end":{"line":8,"column":30}},"4":{"start":{"line":9,"column":0},"end":{"line":9,"column":24}},"5":{"start":{"line":10,"column":0},"end":{"line":10,"column":26}},"6":{"start":{"line":11,"column":0},"end":{"line":11,"column":28}},"7":{"start":{"line":12,"column":0},"end":{"line":12,"column":28}},"8":{"start":{"line":13,"column":0},"end":{"line":13,"column":20}},"9":{"start":{"line":14,"column":0},"end":{"line":14,"column":42}},"10":{"start":{"line":15,"column":0},"end":{"line":15,"column":32}},"11":{"start":{"line":18,"column":12},"end":{"line":18,"column":25}},"12":{"start":{"line":20,"column":2},"end":{"line":22,"column":3}},"13":{"start":{"line":20,"column":15},"end":{"line":20,"column":16}},"14":{"start":{"line":21,"column":4},"end":{"line":21,"column":64}},"15":{"start":{"line":24,"column":2},"end":{"line":24,"column":21}},"16":{"start":{"line":28,"column":2},"end":{"line":28,"column":33}},"17":{"start":{"line":30,"column":2},"end":{"line":32,"column":3}},"18":{"start":{"line":30,"column":15},"end":{"line":30,"column":16}},"19":{"start":{"line":31,"column":4},"end":{"line":31,"column":33}},"20":{"start":{"line":36,"column":2},"end":{"line":46,"column":3}},"21":{"start":{"line":36,"column":15},"end":{"line":36,"column":16}},"22":{"start":{"line":37,"column":4},"end":{"line":45,"column":5}},"23":{"start":{"line":37,"column":17},"end":{"line":37,"column":18}},"24":{"start":{"line":38,"column":6},"end":{"line":44,"column":7}},"25":{"start":{"line":39,"column":8},"end":{"line":43,"column":28}},"26":{"start":{"line":40,"column":10},"end":{"line":40,"column":23}},"27":{"start":{"line":41,"column":15},"end":{"line":43,"column":28}},"28":{"start":{"line":42,"column":10},"end":{"line":42,"column":54}},"29":{"start":{"line":43,"column":15},"end":{"line":43,"column":28}},"30":{"start":{"line":48,"column":2},"end":{"line":48,"column":14}},"31":{"start":{"line":52,"column":2},"end":{"line":62,"column":3}},"32":{"start":{"line":52,"column":15},"end":{"line":52,"column":16}},"33":{"start":{"line":53,"column":4},"end":{"line":61,"column":5}},"34":{"start":{"line":53,"column":17},"end":{"line":53,"column":18}},"35":{"start":{"line":54,"column":6},"end":{"line":60,"column":7}},"36":{"start":{"line":55,"column":8},"end":{"line":59,"column":9}},"37":{"start":{"line":56,"column":10},"end":{"line":56,"column":23}},"38":{"start":{"line":57,"column":15},"end":{"line":59,"column":9}},"39":{"start":{"line":58,"column":10},"end":{"line":58,"column":40}},"40":{"start":{"line":64,"column":2},"end":{"line":64,"column":14}},"41":{"start":{"line":68,"column":2},"end":{"line":68,"column":41}},"42":{"start":{"line":72,"column":2},"end":{"line":72,"column":19}},"43":{"start":{"line":74,"column":2},"end":{"line":74,"column":63}},"44":{"start":{"line":78,"column":15},"end":{"line":78,"column":17}},"45":{"start":{"line":80,"column":2},"end":{"line":82,"column":3}},"46":{"start":{"line":80,"column":15},"end":{"line":80,"column":22}},"47":{"start":{"line":81,"column":4},"end":{"line":81,"column":43}},"48":{"start":{"line":81,"column":28},"end":{"line":81,"column":43}},"49":{"start":{"line":84,"column":2},"end":{"line":84,"column":16}},"50":{"start":{"line":88,"column":2},"end":{"line":88,"column":23}},"51":{"start":{"line":92,"column":17},"end":{"line":92,"column":38}},"52":{"start":{"line":93,"column":2},"end":{"line":97,"column":5}},"53":{"start":{"line":94,"column":4},"end":{"line":96,"column":7}},"54":{"start":{"line":95,"column":6},"end":{"line":95,"column":20}},"55":{"start":{"line":101,"column":13},"end":{"line":101,"column":41}},"56":{"start":{"line":102,"column":17},"end":{"line":106,"column":4}},"57":{"start":{"line":103,"column":4},"end":{"line":105,"column":7}},"58":{"start":{"line":104,"column":6},"end":{"line":104,"column":20}}},"fnMap":{"0":{"name":"newMap","decl":{"start":{"line":17,"column":9},"end":{"line":17,"column":15}},"loc":{"start":{"line":17,"column":18},"end":{"line":25,"column":1}},"line":17},"1":{"name":"showMap","decl":{"start":{"line":27,"column":9},"end":{"line":27,"column":16}},"loc":{"start":{"line":27,"column":22},"end":{"line":33,"column":1}},"line":27},"2":{"name":"placeable","decl":{"start":{"line":35,"column":9},"end":{"line":35,"column":18}},"loc":{"start":{"line":35,"column":43},"end":{"line":49,"column":1}},"line":35},"3":{"name":"remove","decl":{"start":{"line":51,"column":9},"end":{"line":51,"column":15}},"loc":{"start":{"line":51,"column":40},"end":{"line":65,"column":1}},"line":51},"4":{"name":"copyMap","decl":{"start":{"line":67,"column":9},"end":{"line":67,"column":16}},"loc":{"start":{"line":67,"column":22},"end":{"line":69,"column":1}},"line":67},"5":{"name":"fillLine","decl":{"start":{"line":71,"column":9},"end":{"line":71,"column":17}},"loc":{"start":{"line":71,"column":28},"end":{"line":75,"column":1}},"line":71},"6":{"name":"fullLine","decl":{"start":{"line":77,"column":9},"end":{"line":77,"column":17}},"loc":{"start":{"line":77,"column":28},"end":{"line":85,"column":1}},"line":77},"7":{"name":"full","decl":{"start":{"line":87,"column":9},"end":{"line":87,"column":13}},"loc":{"start":{"line":87,"column":21},"end":{"line":89,"column":1}},"line":87},"8":{"name":"rotateClockwise","decl":{"start":{"line":91,"column":9},"end":{"line":91,"column":24}},"loc":{"start":{"line":91,"column":32},"end":{"line":98,"column":1}},"line":91},"9":{"name":"(anonymous_9)","decl":{"start":{"line":93,"column":32},"end":{"line":93,"column":33}},"loc":{"start":{"line":93,"column":48},"end":{"line":97,"column":3}},"line":93},"10":{"name":"(anonymous_10)","decl":{"start":{"line":94,"column":24},"end":{"line":94,"column":25}},"loc":{"start":{"line":94,"column":39},"end":{"line":96,"column":5}},"line":94},"11":{"name":"rotateUndo","decl":{"start":{"line":100,"column":9},"end":{"line":100,"column":19}},"loc":{"start":{"line":100,"column":27},"end":{"line":107,"column":1}},"line":100},"12":{"name":"(anonymous_12)","decl":{"start":{"line":102,"column":29},"end":{"line":102,"column":30}},"loc":{"start":{"line":102,"column":45},"end":{"line":106,"column":3}},"line":102},"13":{"name":"(anonymous_13)","decl":{"start":{"line":103,"column":20},"end":{"line":103,"column":21}},"loc":{"start":{"line":103,"column":35},"end":{"line":105,"column":5}},"line":103}},"branchMap":{"0":{"loc":{"start":{"line":38,"column":6},"end":{"line":44,"column":7}},"type":"if","locations":[{"start":{"line":38,"column":6},"end":{"line":44,"column":7}},{"start":{"line":38,"column":6},"end":{"line":44,"column":7}}],"line":38},"1":{"loc":{"start":{"line":39,"column":8},"end":{"line":43,"column":28}},"type":"if","locations":[{"start":{"line":39,"column":8},"end":{"line":43,"column":28}},{"start":{"line":39,"column":8},"end":{"line":43,"column":28}}],"line":39},"2":{"loc":{"start":{"line":41,"column":15},"end":{"line":43,"column":28}},"type":"if","locations":[{"start":{"line":41,"column":15},"end":{"line":43,"column":28}},{"start":{"line":41,"column":15},"end":{"line":43,"column":28}}],"line":41},"3":{"loc":{"start":{"line":54,"column":6},"end":{"line":60,"column":7}},"type":"if","locations":[{"start":{"line":54,"column":6},"end":{"line":60,"column":7}},{"start":{"line":54,"column":6},"end":{"line":60,"column":7}}],"line":54},"4":{"loc":{"start":{"line":55,"column":8},"end":{"line":59,"column":9}},"type":"if","locations":[{"start":{"line":55,"column":8},"end":{"line":59,"column":9}},{"start":{"line":55,"column":8},"end":{"line":59,"column":9}}],"line":55},"5":{"loc":{"start":{"line":57,"column":15},"end":{"line":59,"column":9}},"type":"if","locations":[{"start":{"line":57,"column":15},"end":{"line":59,"column":9}},{"start":{"line":57,"column":15},"end":{"line":59,"column":9}}],"line":57},"6":{"loc":{"start":{"line":81,"column":4},"end":{"line":81,"column":43}},"type":"if","locations":[{"start":{"line":81,"column":4},"end":{"line":81,"column":43}},{"start":{"line":81,"column":4},"end":{"line":81,"column":43}}],"line":81}},"s":{"0":1,"1":1,"2":1,"3":1,"4":1,"5":1,"6":1,"7":1,"8":1,"9":1,"10":1,"11":19,"12":19,"13":19,"14":380,"15":19,"16":0,"17":0,"18":0,"19":0,"20":36,"21":36,"22":101,"23":101,"24":296,"25":132,"26":1,"27":131,"28":126,"29":5,"30":30,"31":34,"32":34,"33":102,"34":102,"35":306,"36":136,"37":0,"38":136,"39":136,"40":34,"41":63,"42":2,"43":2,"44":3,"45":3,"46":3,"47":41,"48":0,"49":3,"50":41,"51":1,"52":1,"53":3,"54":9,"55":0,"56":0,"57":0,"58":0},"f":{"0":19,"1":0,"2":36,"3":34,"4":63,"5":2,"6":3,"7":41,"8":1,"9":3,"10":9,"11":0,"12":0,"13":0},"b":{"0":[132,164],"1":[1,131],"2":[126,5],"3":[136,170],"4":[0,136],"5":[136,0],"6":[0,41]},"inputSourceMap":{"version":3,"sources":["helpers.js"],"names":["newMap","map","Array","i","slice","showMap","console","log","length","join","placeable","piece","mapX","mapY","y","shape","x","letter","remove","copyMap","arr","JSON","parse","stringify","fillLine","pos","splice","push","fullLine","max","find","full","value","rotateClockwise","rotation","reverse","v","k","row","rotateUndo","undo","helpers"],"mappings":";;;;;;;;;;;;;;;;AAAO,SAASA,MAAT,GAAkB;AACrB,MAAIC,GAAG,GAAG,IAAIC,KAAJ,CAAU,EAAV,CAAV;;AAEA,OAAI,IAAIC,CAAC,GAAG,CAAZ,EAAeA,CAAC,GAAG,EAAnB,EAAuBA,CAAC,EAAxB,EAA4B;AAC9BF,IAAAA,GAAG,CAACE,CAAD,CAAH,GAAS,CAAE,GAAF,EAAO,GAAP,EAAY,GAAZ,EAAiB,GAAjB,EAAsB,GAAtB,EAA2B,GAA3B,EAAgC,GAAhC,EAAqC,GAArC,EAA0C,GAA1C,EAA+C,GAA/C,CAAT;AACG;;AACD,SAAOF,GAAG,CAACG,KAAJ,EAAP;AACH;;AAEM,SAASC,OAAT,CAAiBJ,GAAjB,EAAsB;AACzBK,EAAAA,OAAO,CAACC,GAAR,CAAY,iBAAZ;;AACA,OAAK,IAAIJ,CAAC,GAAG,CAAb,EAAgBA,CAAC,GAAGF,GAAG,CAACO,MAAxB,EAAgCL,CAAC,EAAjC,EAAqC;AACvCG,IAAAA,OAAO,CAACC,GAAR,CAAYN,GAAG,CAACE,CAAD,CAAH,CAAOM,IAAP,CAAY,EAAZ,CAAZ;AACG;AACJ;;AAEM,SAASC,SAAT,CAAmBT,GAAnB,EAAwBU,KAAxB,EAA+BC,IAA/B,EAAqCC,IAArC,EAA2C;AAC9C,OAAI,IAAIC,CAAC,GAAG,CAAZ,EAAeA,CAAC,GAAGH,KAAK,CAACI,KAAN,CAAYP,MAA/B,EAAuCM,CAAC,EAAxC,EAA4C;AAC9C,SAAI,IAAIE,CAAC,GAAG,CAAZ,EAAeA,CAAC,GAAGL,KAAK,CAACI,KAAN,CAAYD,CAAZ,EAAeN,MAAlC,EAA0CQ,CAAC,EAA3C,EAA+C;AAC9C,UAAIL,KAAK,CAACI,KAAN,CAAYD,CAAZ,EAAeE,CAAf,MAAsBL,KAAK,CAACM,MAAhC,EAAwC;AACvC,YAAI,CAAChB,GAAG,CAACY,IAAI,GAAGC,CAAR,CAAR,EAAoB;AACnB,iBAAO,KAAP;AACA,SAFD,MAEO,IAAIb,GAAG,CAACY,IAAI,GAAGC,CAAR,CAAH,CAAcF,IAAI,GAAGI,CAArB,MAA4B,GAAhC,EAAqC;AAC3Cf,UAAAA,GAAG,CAACY,IAAI,GAAGC,CAAR,CAAH,CAAcF,IAAI,GAAGI,CAArB,IAA0BL,KAAK,CAACI,KAAN,CAAYD,CAAZ,EAAeE,CAAf,CAA1B;AACA,SAFM,MAGN,OAAO,KAAP;AACD;AACD;AACE;;AACD,SAAO,IAAP;AACH;;AAEM,SAASE,MAAT,CAAgBjB,GAAhB,EAAqBU,KAArB,EAA4BC,IAA5B,EAAkCC,IAAlC,EAAwC;AAC3C,OAAK,IAAIC,CAAC,GAAG,CAAb,EAAgBA,CAAC,GAAGH,KAAK,CAACI,KAAN,CAAYP,MAAhC,EAAwCM,CAAC,EAAzC,EAA6C;AAC/C,SAAI,IAAIE,CAAC,GAAG,CAAZ,EAAeA,CAAC,GAAGL,KAAK,CAACI,KAAN,CAAYD,CAAZ,EAAeN,MAAlC,EAA0CQ,CAAC,EAA3C,EAA+C;AAC9C,UAAIL,KAAK,CAACI,KAAN,CAAYD,CAAZ,EAAeE,CAAf,MAAsBL,KAAK,CAACM,MAAhC,EAAwC;AACvC,YAAI,CAAChB,GAAG,CAACY,IAAI,GAAGC,CAAR,CAAH,CAAcF,IAAI,GAAGI,CAArB,CAAL,EAA8B;AAC7B,iBAAO,KAAP;AACA,SAFD,MAEO,IAAIf,GAAG,CAACY,IAAI,GAAGC,CAAR,CAAH,CAAcF,IAAI,GAAGI,CAArB,MAA4BL,KAAK,CAACM,MAAtC,EAA8C;AACpDhB,UAAAA,GAAG,CAACY,IAAI,GAAGC,CAAR,CAAH,CAAcF,IAAI,GAAGI,CAArB,IAA0B,GAA1B;AACA;AACD;AACD;AACE;;AACD,SAAO,IAAP;AACH;;AAEM,SAASG,OAAT,CAAiBC,GAAjB,EAAsB;AACzB,SAAOC,IAAI,CAACC,KAAL,CAAWD,IAAI,CAACE,SAAL,CAAeH,GAAf,CAAX,CAAP;AACH;;AAEM,SAASI,QAAT,CAAkBvB,GAAlB,EAAuBwB,GAAvB,EAA4B;AAC/BxB,EAAAA,GAAG,CAACyB,MAAJ,CAAW,CAAX,EAAc,CAAd,EAD+B,CACd;;AACjBzB,EAAAA,GAAG,CAAC0B,IAAJ,CAAS,CAAC,GAAD,EAAM,GAAN,EAAW,GAAX,EAAgB,GAAhB,EAAqB,GAArB,EAA0B,GAA1B,EAA+B,GAA/B,EAAoC,GAApC,EAAyC,GAAzC,EAA8C,GAA9C,CAAT;AAEH;;AAGM,SAASC,QAAT,CAAkB3B,GAAlB,EAAuB4B,GAAvB,EAA4B;AAC/B,MAAIX,MAAM,GAAG,EAAb;;AACA,OAAK,IAAIf,CAAC,GAAG0B,GAAG,GAAG,CAAnB,EAAsB1B,CAAC,GAAG,CAA1B,EAA6BA,CAAC,EAA9B,EAAkC;AACpC,QAAI,CAACF,GAAG,CAACE,CAAD,CAAH,CAAO2B,IAAP,CAAYC,IAAZ,CAAL,EACCb,MAAM,CAACS,IAAP,CAAYxB,CAAZ;AACE;;AACD,SAAOe,MAAP;AACH;;AAEM,SAASa,IAAT,CAAcC,KAAd,EAAqB;AACxB,SAAOA,KAAK,KAAK,GAAjB;AACH;;AAGM,SAASC,eAAT,CAAyBtB,KAAzB,EAAgC;AACnC,MAAIuB,QAAQ,GAAGvB,KAAK,CAACI,KAAN,CAAYoB,OAAZ,EAAf;AACAxB,EAAAA,KAAK,CAACI,KAAN,GAAcmB,QAAQ,CAAC,CAAD,CAAR,CAAYjC,GAAZ,CAAgB,UAACmC,CAAD,EAAIC,CAAJ;AAAA,WAChCH,QAAQ,CAACjC,GAAT,CAAa,UAAAqC,GAAG;AAAA,aAAIA,GAAG,CAACD,CAAD,CAAP;AAAA,KAAhB,CADgC;AAAA,GAAhB,CAAd;AAGH;;AAEM,SAASE,UAAT,CAAoB5B,KAApB,EAA2B;AAC9B,MAAI6B,IAAI,GAAGC,OAAO,CAACtB,OAAR,CAAgBR,KAAK,CAACI,KAAtB,CAAX;AACA,MAAImB,QAAQ,GAAGM,IAAI,CAAC,CAAD,CAAJ,CAAQvC,GAAR,CAAY,UAACmC,CAAD,EAAIC,CAAJ;AAAA,WAC7BG,IAAI,CAACvC,GAAL,CAAS,UAAAqC,GAAG;AAAA,aAAIA,GAAG,CAACD,CAAD,CAAP;AAAA,KAAZ,CAD6B;AAAA,GAAZ,CAAf;AAGH","sourceRoot":"/home/zadrien/projects/red_tetris/server/src/Game","sourcesContent":["export function newMap() {\n    var map = new Array(20);\n    \n    for(var i = 0; i < 20; i++) {\n\t\tmap[i] = [ \".\", \".\", \".\", \".\", \".\", \".\", \".\", \".\", \".\", \".\" ];\n    }\n    return map.slice();\n}\n\nexport function showMap(map) {\n    console.log(\"~~~~~~~~~~~~~~`\")\n    for (var i = 0; i < map.length; i++) {\n\t\tconsole.log(map[i].join(''));\n    }\n}\n\nexport function placeable(map, piece, mapX, mapY) {\n    for(var y = 0; y < piece.shape.length; y++) {\n\t\tfor(var x = 0; x < piece.shape[y].length; x++) {\n\t\t\tif (piece.shape[y][x] === piece.letter) {\n\t\t\t\tif (!map[mapY + y]) {\n\t\t\t\t\treturn false\n\t\t\t\t} else if (map[mapY + y][mapX + x] === '.') {\n\t\t\t\t\tmap[mapY + y][mapX + x] = piece.shape[y][x];\n\t\t\t\t} else\n\t\t\t\t\treturn false\n\t\t\t}\n\t\t}\t\n    }\n    return true;\n}\n\nexport function remove(map, piece, mapX, mapY) {\n    for (var y = 0; y < piece.shape.length; y++) {\n\t\tfor(var x = 0; x < piece.shape[y].length; x++) {\n\t\t\tif (piece.shape[y][x] === piece.letter) {\n\t\t\t\tif (!map[mapY + y][mapX + x]) {\n\t\t\t\t\treturn false;\n\t\t\t\t} else if (map[mapY + y][mapX + x] === piece.letter) {\n\t\t\t\t\tmap[mapY + y][mapX + x] = '.';\n\t\t\t\t}\n\t\t\t}\n\t\t}\n    }\n    return true;\t\n}\n\nexport function copyMap(arr) {\n    return JSON.parse(JSON.stringify(arr));\n}\n\nexport function fillLine(map, pos) {\n    map.splice(0, 1) // need verification if the line is empty, if not down piece and continue\n    map.push(['M', 'M', 'M', 'M', 'M', 'M', 'M', 'M', 'M', 'M'])\n\n}\n\n\nexport function fullLine(map, max) {\n    var remove = []\n    for (var i = max - 1; i > 0; i--) {\n\t\tif (!map[i].find(full))\n\t\t\tremove.push(i)\n    }\n    return remove\n}\n\nexport function full(value) {\n    return value === '.'\n}\n\n\nexport function rotateClockwise(piece) {\n    var rotation = piece.shape.reverse()\n    piece.shape = rotation[0].map((v, k) => (\n\t\trotation.map(row => row[k])\n    ))\n}\n\nexport function rotateUndo(piece) {\n    var undo = helpers.copyMap(piece.shape)\n    var rotation = undo[0].map((v, k) => (\n\t\tundo.map(row => row[k])\n    ))\n}\n"]},"_coverageSchema":"1a1c01bbd47fc00a2c39e90264f33305004495a9","hash":"447bc6f139ebd0b315e377eb5ec3756b1560285f","contentHash":"d32d1ab7cd228908c47dbcf47f99b26b0c8e772e5d72ebf757aa7d2232a57056"},"/home/zadrien/projects/red_tetris/server/src/Game/tetraminos.js":{"path":"/home/zadrien/projects/red_tetris/server/src/Game/tetraminos.js","statementMap":{"0":{"start":{"line":3,"column":12},"end":{"line":32,"column":1}},"1":{"start":{"line":33,"column":11},"end":{"line":33,"column":29}},"2":{"start":{"line":36,"column":10},"end":{"line":36,"column":51}},"3":{"start":{"line":37,"column":2},"end":{"line":37,"column":43}},"4":{"start":{"line":40,"column":0},"end":{"line":40,"column":21}}},"fnMap":{"0":{"name":"get","decl":{"start":{"line":35,"column":9},"end":{"line":35,"column":12}},"loc":{"start":{"line":35,"column":15},"end":{"line":38,"column":1}},"line":35}},"branchMap":{},"s":{"0":1,"1":1,"2":3,"3":3,"4":1},"f":{"0":3},"b":{},"inputSourceMap":{"version":3,"sources":["tetraminos.js"],"names":["shape","Bar","letter","LeftL","RightL","Cube","RightZ","TShape","LeftZ","keys","Object","get","i","Math","floor","random","assign","module","exports"],"mappings":";;AACA,IAAMA,KAAK,GAAG;AACVC,EAAAA,GAAG,EAAE;AACRD,IAAAA,KAAK,EAAE,CACH,CAAC,GAAD,EAAM,GAAN,EAAW,GAAX,EAAgB,GAAhB,CADG,EAEH,CAAC,GAAD,EAAM,GAAN,EAAW,GAAX,EAAgB,GAAhB,CAFG,EAGH,CAAC,GAAD,EAAM,GAAN,EAAW,GAAX,EAAgB,GAAhB,CAHG,EAIH,CAAC,GAAD,EAAM,GAAN,EAAW,GAAX,EAAgB,GAAhB,CAJG,CADC;AAORE,IAAAA,MAAM,EAAE;AAPA,GADK;AAWVC,EAAAA,KAAK,EAAC;AACTH,IAAAA,KAAK,EAAE,CACH,CAAC,GAAD,EAAM,GAAN,EAAW,GAAX,CADG,EAEH,CAAC,GAAD,EAAM,GAAN,EAAW,GAAX,CAFG,EAGH,CAAC,GAAD,EAAM,GAAN,EAAW,GAAX,CAHG,CADE;AAMTE,IAAAA,MAAM,EAAE;AANC,GAXI;AAoBVE,EAAAA,MAAM,EAAE;AACXJ,IAAAA,KAAK,EAAE,CACH,CAAC,GAAD,EAAM,GAAN,EAAW,GAAX,CADG,EAEH,CAAC,GAAD,EAAM,GAAN,EAAW,GAAX,CAFG,EAGH,CAAC,GAAD,EAAM,GAAN,EAAW,GAAX,CAHG,CADI;AAMXE,IAAAA,MAAM,EAAE;AANG,GApBE;AA6BVG,EAAAA,IAAI,EAAE;AACTL,IAAAA,KAAK,EAAE,CACH,CAAC,GAAD,EAAM,GAAN,CADG,EAEH,CAAC,GAAD,EAAM,GAAN,CAFG,CADE;AAKTE,IAAAA,MAAM,EAAE;AALC,GA7BI;AAqCVI,EAAAA,MAAM,EAAE;AACXN,IAAAA,KAAK,EAAE,CACH,CAAC,GAAD,EAAM,GAAN,EAAW,GAAX,CADG,EAEH,CAAC,GAAD,EAAM,GAAN,EAAW,GAAX,CAFG,EAGH,CAAC,GAAD,EAAM,GAAN,EAAW,GAAX,CAHG,CADI;AAMXE,IAAAA,MAAM,EAAE;AANG,GArCE;AA8CVK,EAAAA,MAAM,EAAE;AACXP,IAAAA,KAAK,EAAE,CACH,CAAC,GAAD,EAAM,GAAN,EAAW,GAAX,CADG,EAEH,CAAC,GAAD,EAAM,GAAN,EAAW,GAAX,CAFG,EAGH,CAAC,GAAD,EAAM,GAAN,EAAW,GAAX,CAHG,CADI;AAMXE,IAAAA,MAAM,EAAE;AANG,GA9CE;AAuDVM,EAAAA,KAAK,EAAE;AACVR,IAAAA,KAAK,EAAE,CACH,CAAC,GAAD,EAAM,GAAN,EAAW,GAAX,CADG,EAEH,CAAC,GAAD,EAAM,GAAN,EAAW,GAAX,CAFG,EAGH,CAAC,GAAD,EAAM,GAAN,EAAW,GAAX,CAHG,CADG;AAMVE,IAAAA,MAAM,EAAE;AANE;AAvDG,CAAd;AAiEA,IAAMO,IAAI,GAAGC,MAAM,CAACD,IAAP,CAAYT,KAAZ,CAAb;;AAEA,SAASW,GAAT,GAAgB;AACZ,MAAIC,CAAC,GAAIC,IAAI,CAACC,KAAL,CAAWD,IAAI,CAACE,MAAL,KAAgBF,IAAI,CAACC,KAAL,CAAW,CAAX,CAA3B,CAAT;AAEA,SAAOJ,MAAM,CAACM,MAAP,CAAc,EAAd,EAAkBhB,KAAK,CAACS,IAAI,CAACG,CAAD,CAAL,CAAvB,CAAP;AACH;;AAEDK,MAAM,CAACC,OAAP,GAAiBP,GAAjB","sourceRoot":"/home/zadrien/projects/red_tetris/server/src/Game","sourcesContent":["\nconst shape = {\n    Bar: {\n\tshape: [\n\t    ['.', '.', '.', '.'],\n\t    ['C', 'C', 'C', 'C'],\n\t    ['.', '.', '.', '.'],\n\t    ['.', '.', '.', '.']\n\t],\n\tletter: 'C'\n    },\n\n    LeftL:{\n\tshape: [\n\t    ['B', '.', '.'],\n\t    ['B', 'B', 'B'],\n\t    ['.', '.', '.']\n\t],\n\tletter: 'B'\n    },\n\n    RightL: {\n\tshape: [\n\t    ['.', '.', 'O'],\n\t    ['O', 'O', 'O'],\n\t    ['.', '.', '.']\n\t],\n\tletter: 'O'\n    },\n\n    Cube: {\n\tshape: [\n\t    ['Y', 'Y'],\n\t    ['Y', 'Y'],\n\t],\n\tletter: 'Y'\n    },\n\n    RightZ: {\n\tshape: [\n\t    ['.', 'G', 'G'],\n\t    ['G', 'G', '.'],\n\t    ['.', '.', '.']\n\t],\n\tletter: 'G'\n    },\n\n    TShape: {\n\tshape: [\n\t    ['.', 'V', '.'],\n\t    ['V', 'V', 'V'],\n\t    ['.', '.', '.']\n\t],\n\tletter: 'V'\n    },\n\n    LeftZ: {\n\tshape: [\n\t    ['R', 'R', '.'],\n\t    ['.', 'R', 'R'],\n\t    ['.', '.', '.']\n\t],\n\tletter: 'R'\n    }\n}\n\nconst keys = Object.keys(shape)\n\nfunction get () {\n    var i =  Math.floor(Math.random() * Math.floor(7));\n\n    return Object.assign({}, shape[keys[i]]);\n}\n\nmodule.exports = get\n"]},"_coverageSchema":"1a1c01bbd47fc00a2c39e90264f33305004495a9","hash":"0cad0f59d8283275a202cd5752ce6f8394e630a2","contentHash":"a343dd1ab676a8edcf921a85a538fc33e9e064afb5f193172834c54f51f6620c"},"/home/zadrien/projects/red_tetris/server/src/player/playerController.js":{"path":"/home/zadrien/projects/red_tetris/server/src/player/playerController.js","statementMap":{"0":{"start":{"line":3,"column":0},"end":{"line":5,"column":3}},"1":{"start":{"line":6,"column":0},"end":{"line":6,"column":28}},"2":{"start":{"line":8,"column":19},"end":{"line":8,"column":67}},"3":{"start":{"line":10,"column":39},"end":{"line":10,"column":95}},"4":{"start":{"line":13,"column":2},"end":{"line":13,"column":27}},"5":{"start":{"line":16,"column":0},"end":{"line":29,"column":2}},"6":{"start":{"line":17,"column":14},"end":{"line":17,"column":18}},"7":{"start":{"line":19,"column":2},"end":{"line":19,"column":72}},"8":{"start":{"line":19,"column":36},"end":{"line":19,"column":72}},"9":{"start":{"line":20,"column":12},"end":{"line":20,"column":38}},"10":{"start":{"line":21,"column":14},"end":{"line":23,"column":4}},"11":{"start":{"line":22,"column":4},"end":{"line":22,"column":51}},"12":{"start":{"line":24,"column":2},"end":{"line":24,"column":55}},"13":{"start":{"line":24,"column":13},"end":{"line":24,"column":55}},"14":{"start":{"line":25,"column":15},"end":{"line":25,"column":61}},"15":{"start":{"line":26,"column":2},"end":{"line":26,"column":36}},"16":{"start":{"line":27,"column":2},"end":{"line":27,"column":91}},"17":{"start":{"line":28,"column":2},"end":{"line":28,"column":16}},"18":{"start":{"line":31,"column":0},"end":{"line":36,"column":2}},"19":{"start":{"line":32,"column":13},"end":{"line":32,"column":37}},"20":{"start":{"line":33,"column":2},"end":{"line":33,"column":20}},"21":{"start":{"line":33,"column":13},"end":{"line":33,"column":20}},"22":{"start":{"line":34,"column":2},"end":{"line":34,"column":20}},"23":{"start":{"line":35,"column":2},"end":{"line":35,"column":34}},"24":{"start":{"line":38,"column":15},"end":{"line":38,"column":33}},"25":{"start":{"line":40,"column":0},"end":{"line":40,"column":30}}},"fnMap":{"0":{"name":"_interopRequireDefault","decl":{"start":{"line":10,"column":9},"end":{"line":10,"column":31}},"loc":{"start":{"line":10,"column":37},"end":{"line":10,"column":97}},"line":10},"1":{"name":"Controller","decl":{"start":{"line":12,"column":9},"end":{"line":12,"column":19}},"loc":{"start":{"line":12,"column":30},"end":{"line":14,"column":1}},"line":12},"2":{"name":"(anonymous_2)","decl":{"start":{"line":16,"column":29},"end":{"line":16,"column":30}},"loc":{"start":{"line":16,"column":53},"end":{"line":29,"column":1}},"line":16},"3":{"name":"(anonymous_3)","decl":{"start":{"line":21,"column":23},"end":{"line":21,"column":24}},"loc":{"start":{"line":21,"column":39},"end":{"line":23,"column":3}},"line":21},"4":{"name":"(anonymous_4)","decl":{"start":{"line":31,"column":30},"end":{"line":31,"column":31}},"loc":{"start":{"line":31,"column":48},"end":{"line":36,"column":1}},"line":31}},"branchMap":{"0":{"loc":{"start":{"line":10,"column":46},"end":{"line":10,"column":94}},"type":"cond-expr","locations":[{"start":{"line":10,"column":70},"end":{"line":10,"column":73}},{"start":{"line":10,"column":76},"end":{"line":10,"column":94}}],"line":10},"1":{"loc":{"start":{"line":10,"column":46},"end":{"line":10,"column":67}},"type":"binary-expr","locations":[{"start":{"line":10,"column":46},"end":{"line":10,"column":49}},{"start":{"line":10,"column":53},"end":{"line":10,"column":67}}],"line":10},"2":{"loc":{"start":{"line":19,"column":2},"end":{"line":19,"column":72}},"type":"if","locations":[{"start":{"line":19,"column":2},"end":{"line":19,"column":72}},{"start":{"line":19,"column":2},"end":{"line":19,"column":72}}],"line":19},"3":{"loc":{"start":{"line":24,"column":2},"end":{"line":24,"column":55}},"type":"if","locations":[{"start":{"line":24,"column":2},"end":{"line":24,"column":55}},{"start":{"line":24,"column":2},"end":{"line":24,"column":55}}],"line":24},"4":{"loc":{"start":{"line":33,"column":2},"end":{"line":33,"column":20}},"type":"if","locations":[{"start":{"line":33,"column":2},"end":{"line":33,"column":20}},{"start":{"line":33,"column":2},"end":{"line":33,"column":20}}],"line":33}},"s":{"0":1,"1":1,"2":1,"3":1,"4":1,"5":1,"6":1,"7":1,"8":0,"9":1,"10":1,"11":0,"12":1,"13":0,"14":1,"15":1,"16":1,"17":1,"18":1,"19":1,"20":1,"21":0,"22":1,"23":1,"24":1,"25":1},"f":{"0":1,"1":1,"2":1,"3":0,"4":1},"b":{"0":[1,0],"1":[1,1],"2":[0,1],"3":[0,1],"4":[0,1]},"inputSourceMap":{"version":3,"sources":["playerController.js"],"names":["Controller","isLogged","prototype","login","socket","data","hasOwnProperty","Error","ids","Object","keys","value","find","elem","name","player","Player","id","console","log","logout","user","disconnect"],"mappings":";;;;;;;AAAA;;;;AAEA,SAASA,UAAT,CAAoBC,QAApB,EAA8B;AAC7B,OAAKA,QAAL,GAAgBA,QAAhB;AACA;;AAEDD,UAAU,CAACE,SAAX,CAAqBC,KAArB,GAA6B,UAAUC,MAAV,EAAkBC,IAAlB,EAAwB;AAAA;;AACpD,MAAI,CAACA,IAAI,CAACC,cAAL,CAAoB,MAApB,CAAL,EACC,MAAM,IAAIC,KAAJ,CAAU,kBAAV,CAAN;AACD,MAAIC,GAAG,GAAGC,MAAM,CAACC,IAAP,CAAY,KAAKT,QAAjB,CAAV;AACA,MAAIU,KAAK,GAAGH,GAAG,CAACI,IAAJ,CAAS,UAAAC,IAAI;AAAA,WAAI,KAAI,CAACZ,QAAL,CAAcY,IAAd,EAAoBC,IAApB,KAA6BT,IAAI,CAACS,IAAtC;AAAA,GAAb,CAAZ;AACA,MAAIH,KAAJ,EACC,MAAM,IAAIJ,KAAJ,CAAU,wBAAV,CAAN;AAED,MAAIQ,MAAM,GAAG,IAAIC,uBAAJ,CAAWZ,MAAX,EAAmBC,IAAI,CAACS,IAAxB,CAAb;AACA,OAAKb,QAAL,CAAcG,MAAM,CAACa,EAArB,IAA2BF,MAA3B;AACAG,EAAAA,OAAO,CAACC,GAAR,gCAAoCJ,MAAM,CAACX,MAAP,CAAca,EAAlD,gBAA0DF,MAAM,CAACD,IAAjE;AACA,SAAOC,MAAP;AACA,CAZD;;AAcAf,UAAU,CAACE,SAAX,CAAqBkB,MAArB,GAA8B,UAAUhB,MAAV,EAAkB;AAC/C,MAAMiB,IAAI,GAAG,KAAKpB,QAAL,CAAcG,MAAM,CAACa,EAArB,CAAb;AACA,MAAI,CAACI,IAAL,EACC;AACDA,EAAAA,IAAI,CAACC,UAAL;AACA,SAAO,KAAKrB,QAAL,CAAcG,MAAM,CAACa,EAArB,CAAP;AACA,CAND;;eAQe,IAAIjB,UAAJ,CAAe,EAAf,C","sourceRoot":"/home/zadrien/projects/red_tetris/server/src/player","sourcesContent":["import Player from './playerModel'\n\nfunction Controller(isLogged) {\n\tthis.isLogged = isLogged\n}\n\nController.prototype.login = function (socket, data) {\n\tif (!data.hasOwnProperty('name'))\n\t\tthrow new Error(\"No name property\")\n\tvar ids = Object.keys(this.isLogged)\n\tvar value = ids.find(elem => this.isLogged[elem].name === data.name)\n\tif (value)\n\t\tthrow new Error(\"Username already taken\")\n\t\n\tvar player = new Player(socket, data.name)\n\tthis.isLogged[socket.id] = player\n\tconsole.log(`New player connected ${player.socket.id} - ${player.name}`)\n\treturn player\t\n}\n\nController.prototype.logout = function (socket) {\n\tconst user = this.isLogged[socket.id]\n\tif (!user)\n\t\treturn \n\tuser.disconnect()\n\tdelete this.isLogged[socket.id]\t\n}\n\nexport default new Controller({})\n"]},"_coverageSchema":"1a1c01bbd47fc00a2c39e90264f33305004495a9","hash":"b528d4d6bc3b8d2cb97f75274d54f23c73cd3a48","contentHash":"899b07494d12d33a739ea4b351b233d6f56f8bd6014f6ef80c369736380ac1ec"},"/home/zadrien/projects/red_tetris/server/src/player/playerModel.js":{"path":"/home/zadrien/projects/red_tetris/server/src/player/playerModel.js","statementMap":{"0":{"start":{"line":3,"column":0},"end":{"line":5,"column":3}},"1":{"start":{"line":6,"column":0},"end":{"line":6,"column":28}},"2":{"start":{"line":8,"column":13},"end":{"line":8,"column":61}},"3":{"start":{"line":10,"column":39},"end":{"line":10,"column":95}},"4":{"start":{"line":12,"column":13},"end":{"line":12,"column":30}},"5":{"start":{"line":15,"column":2},"end":{"line":15,"column":23}},"6":{"start":{"line":16,"column":2},"end":{"line":16,"column":19}},"7":{"start":{"line":17,"column":2},"end":{"line":17,"column":24}},"8":{"start":{"line":18,"column":2},"end":{"line":18,"column":25}},"9":{"start":{"line":19,"column":2},"end":{"line":19,"column":32}},"10":{"start":{"line":20,"column":2},"end":{"line":20,"column":47}},"11":{"start":{"line":21,"column":2},"end":{"line":21,"column":48}},"12":{"start":{"line":24,"column":0},"end":{"line":33,"column":2}},"13":{"start":{"line":26,"column":2},"end":{"line":26,"column":68}},"14":{"start":{"line":26,"column":17},"end":{"line":26,"column":43}},"15":{"start":{"line":26,"column":48},"end":{"line":26,"column":68}},"16":{"start":{"line":27,"column":2},"end":{"line":32,"column":4}},"17":{"start":{"line":35,"column":0},"end":{"line":37,"column":2}},"18":{"start":{"line":36,"column":2},"end":{"line":36,"column":32}},"19":{"start":{"line":39,"column":0},"end":{"line":42,"column":2}},"20":{"start":{"line":40,"column":2},"end":{"line":40,"column":29}},"21":{"start":{"line":41,"column":2},"end":{"line":41,"column":28}},"22":{"start":{"line":44,"column":0},"end":{"line":48,"column":2}},"23":{"start":{"line":45,"column":2},"end":{"line":45,"column":59}},"24":{"start":{"line":46,"column":2},"end":{"line":46,"column":42}},"25":{"start":{"line":47,"column":2},"end":{"line":47,"column":32}},"26":{"start":{"line":50,"column":0},"end":{"line":53,"column":2}},"27":{"start":{"line":51,"column":2},"end":{"line":51,"column":33}},"28":{"start":{"line":51,"column":26},"end":{"line":51,"column":33}},"29":{"start":{"line":52,"column":2},"end":{"line":52,"column":36}},"30":{"start":{"line":55,"column":0},"end":{"line":59,"column":2}},"31":{"start":{"line":57,"column":2},"end":{"line":57,"column":25}},"32":{"start":{"line":57,"column":18},"end":{"line":57,"column":25}},"33":{"start":{"line":58,"column":2},"end":{"line":58,"column":216}},"34":{"start":{"line":58,"column":23},"end":{"line":58,"column":40}},"35":{"start":{"line":58,"column":45},"end":{"line":58,"column":216}},"36":{"start":{"line":58,"column":64},"end":{"line":58,"column":83}},"37":{"start":{"line":58,"column":88},"end":{"line":58,"column":216}},"38":{"start":{"line":58,"column":110},"end":{"line":58,"column":128}},"39":{"start":{"line":58,"column":133},"end":{"line":58,"column":216}},"40":{"start":{"line":58,"column":154},"end":{"line":58,"column":171}},"41":{"start":{"line":58,"column":176},"end":{"line":58,"column":216}},"42":{"start":{"line":58,"column":198},"end":{"line":58,"column":216}},"43":{"start":{"line":61,"column":0},"end":{"line":65,"column":2}},"44":{"start":{"line":62,"column":2},"end":{"line":62,"column":48}},"45":{"start":{"line":63,"column":2},"end":{"line":63,"column":61}},"46":{"start":{"line":64,"column":2},"end":{"line":64,"column":47}},"47":{"start":{"line":67,"column":0},"end":{"line":90,"column":2}},"48":{"start":{"line":68,"column":14},"end":{"line":68,"column":18}},"49":{"start":{"line":70,"column":2},"end":{"line":72,"column":5}},"50":{"start":{"line":71,"column":4},"end":{"line":71,"column":39}},"51":{"start":{"line":73,"column":2},"end":{"line":75,"column":5}},"52":{"start":{"line":74,"column":4},"end":{"line":74,"column":32}},"53":{"start":{"line":76,"column":2},"end":{"line":79,"column":5}},"54":{"start":{"line":77,"column":4},"end":{"line":77,"column":28}},"55":{"start":{"line":77,"column":21},"end":{"line":77,"column":28}},"56":{"start":{"line":78,"column":4},"end":{"line":78,"column":79}},"57":{"start":{"line":78,"column":58},"end":{"line":78,"column":79}},"58":{"start":{"line":80,"column":2},"end":{"line":82,"column":5}},"59":{"start":{"line":81,"column":4},"end":{"line":81,"column":37}},"60":{"start":{"line":81,"column":20},"end":{"line":81,"column":37}},"61":{"start":{"line":83,"column":2},"end":{"line":87,"column":5}},"62":{"start":{"line":84,"column":4},"end":{"line":84,"column":22}},"63":{"start":{"line":86,"column":4},"end":{"line":86,"column":43}},"64":{"start":{"line":88,"column":2},"end":{"line":88,"column":20}},"65":{"start":{"line":89,"column":2},"end":{"line":89,"column":24}},"66":{"start":{"line":92,"column":0},"end":{"line":98,"column":2}},"67":{"start":{"line":93,"column":2},"end":{"line":93,"column":31}},"68":{"start":{"line":93,"column":18},"end":{"line":93,"column":31}},"69":{"start":{"line":94,"column":2},"end":{"line":94,"column":19}},"70":{"start":{"line":95,"column":2},"end":{"line":95,"column":25}},"71":{"start":{"line":97,"column":2},"end":{"line":97,"column":14}},"72":{"start":{"line":101,"column":0},"end":{"line":110,"column":2}},"73":{"start":{"line":102,"column":2},"end":{"line":102,"column":36}},"74":{"start":{"line":102,"column":23},"end":{"line":102,"column":36}},"75":{"start":{"line":104,"column":2},"end":{"line":107,"column":3}},"76":{"start":{"line":105,"column":4},"end":{"line":105,"column":28}},"77":{"start":{"line":106,"column":4},"end":{"line":106,"column":17}},"78":{"start":{"line":109,"column":2},"end":{"line":109,"column":14}},"79":{"start":{"line":112,"column":15},"end":{"line":112,"column":21}},"80":{"start":{"line":113,"column":0},"end":{"line":113,"column":30}}},"fnMap":{"0":{"name":"_interopRequireDefault","decl":{"start":{"line":10,"column":9},"end":{"line":10,"column":31}},"loc":{"start":{"line":10,"column":37},"end":{"line":10,"column":97}},"line":10},"1":{"name":"Player","decl":{"start":{"line":14,"column":9},"end":{"line":14,"column":15}},"loc":{"start":{"line":14,"column":30},"end":{"line":22,"column":1}},"line":14},"2":{"name":"(anonymous_2)","decl":{"start":{"line":24,"column":23},"end":{"line":24,"column":24}},"loc":{"start":{"line":24,"column":35},"end":{"line":33,"column":1}},"line":24},"3":{"name":"(anonymous_3)","decl":{"start":{"line":35,"column":26},"end":{"line":35,"column":27}},"loc":{"start":{"line":35,"column":49},"end":{"line":37,"column":1}},"line":35},"4":{"name":"(anonymous_4)","decl":{"start":{"line":39,"column":24},"end":{"line":39,"column":25}},"loc":{"start":{"line":39,"column":41},"end":{"line":42,"column":1}},"line":39},"5":{"name":"(anonymous_5)","decl":{"start":{"line":44,"column":25},"end":{"line":44,"column":26}},"loc":{"start":{"line":44,"column":42},"end":{"line":48,"column":1}},"line":44},"6":{"name":"(anonymous_6)","decl":{"start":{"line":50,"column":30},"end":{"line":50,"column":31}},"loc":{"start":{"line":50,"column":42},"end":{"line":53,"column":1}},"line":50},"7":{"name":"(anonymous_7)","decl":{"start":{"line":55,"column":30},"end":{"line":55,"column":31}},"loc":{"start":{"line":55,"column":46},"end":{"line":59,"column":1}},"line":55},"8":{"name":"(anonymous_8)","decl":{"start":{"line":61,"column":28},"end":{"line":61,"column":29}},"loc":{"start":{"line":61,"column":44},"end":{"line":65,"column":1}},"line":61},"9":{"name":"(anonymous_9)","decl":{"start":{"line":67,"column":25},"end":{"line":67,"column":26}},"loc":{"start":{"line":67,"column":62},"end":{"line":90,"column":1}},"line":67},"10":{"name":"(anonymous_10)","decl":{"start":{"line":70,"column":34},"end":{"line":70,"column":35}},"loc":{"start":{"line":70,"column":50},"end":{"line":72,"column":3}},"line":70},"11":{"name":"(anonymous_11)","decl":{"start":{"line":73,"column":33},"end":{"line":73,"column":34}},"loc":{"start":{"line":73,"column":45},"end":{"line":75,"column":3}},"line":73},"12":{"name":"(anonymous_12)","decl":{"start":{"line":76,"column":30},"end":{"line":76,"column":31}},"loc":{"start":{"line":76,"column":46},"end":{"line":79,"column":3}},"line":76},"13":{"name":"(anonymous_13)","decl":{"start":{"line":80,"column":31},"end":{"line":80,"column":32}},"loc":{"start":{"line":80,"column":43},"end":{"line":82,"column":3}},"line":80},"14":{"name":"(anonymous_14)","decl":{"start":{"line":83,"column":25},"end":{"line":83,"column":26}},"loc":{"start":{"line":83,"column":37},"end":{"line":87,"column":3}},"line":83},"15":{"name":"(anonymous_15)","decl":{"start":{"line":92,"column":28},"end":{"line":92,"column":29}},"loc":{"start":{"line":92,"column":40},"end":{"line":98,"column":1}},"line":92},"16":{"name":"(anonymous_16)","decl":{"start":{"line":101,"column":28},"end":{"line":101,"column":29}},"loc":{"start":{"line":101,"column":40},"end":{"line":110,"column":1}},"line":101}},"branchMap":{"0":{"loc":{"start":{"line":10,"column":46},"end":{"line":10,"column":94}},"type":"cond-expr","locations":[{"start":{"line":10,"column":70},"end":{"line":10,"column":73}},{"start":{"line":10,"column":76},"end":{"line":10,"column":94}}],"line":10},"1":{"loc":{"start":{"line":10,"column":46},"end":{"line":10,"column":67}},"type":"binary-expr","locations":[{"start":{"line":10,"column":46},"end":{"line":10,"column":49}},{"start":{"line":10,"column":53},"end":{"line":10,"column":67}}],"line":10},"2":{"loc":{"start":{"line":26,"column":2},"end":{"line":26,"column":68}},"type":"if","locations":[{"start":{"line":26,"column":2},"end":{"line":26,"column":68}},{"start":{"line":26,"column":2},"end":{"line":26,"column":68}}],"line":26},"3":{"loc":{"start":{"line":51,"column":2},"end":{"line":51,"column":33}},"type":"if","locations":[{"start":{"line":51,"column":2},"end":{"line":51,"column":33}},{"start":{"line":51,"column":2},"end":{"line":51,"column":33}}],"line":51},"4":{"loc":{"start":{"line":57,"column":2},"end":{"line":57,"column":25}},"type":"if","locations":[{"start":{"line":57,"column":2},"end":{"line":57,"column":25}},{"start":{"line":57,"column":2},"end":{"line":57,"column":25}}],"line":57},"5":{"loc":{"start":{"line":58,"column":2},"end":{"line":58,"column":216}},"type":"if","locations":[{"start":{"line":58,"column":2},"end":{"line":58,"column":216}},{"start":{"line":58,"column":2},"end":{"line":58,"column":216}}],"line":58},"6":{"loc":{"start":{"line":58,"column":45},"end":{"line":58,"column":216}},"type":"if","locations":[{"start":{"line":58,"column":45},"end":{"line":58,"column":216}},{"start":{"line":58,"column":45},"end":{"line":58,"column":216}}],"line":58},"7":{"loc":{"start":{"line":58,"column":88},"end":{"line":58,"column":216}},"type":"if","locations":[{"start":{"line":58,"column":88},"end":{"line":58,"column":216}},{"start":{"line":58,"column":88},"end":{"line":58,"column":216}}],"line":58},"8":{"loc":{"start":{"line":58,"column":133},"end":{"line":58,"column":216}},"type":"if","locations":[{"start":{"line":58,"column":133},"end":{"line":58,"column":216}},{"start":{"line":58,"column":133},"end":{"line":58,"column":216}}],"line":58},"9":{"loc":{"start":{"line":58,"column":176},"end":{"line":58,"column":216}},"type":"if","locations":[{"start":{"line":58,"column":176},"end":{"line":58,"column":216}},{"start":{"line":58,"column":176},"end":{"line":58,"column":216}}],"line":58},"10":{"loc":{"start":{"line":77,"column":4},"end":{"line":77,"column":28}},"type":"if","locations":[{"start":{"line":77,"column":4},"end":{"line":77,"column":28}},{"start":{"line":77,"column":4},"end":{"line":77,"column":28}}],"line":77},"11":{"loc":{"start":{"line":78,"column":4},"end":{"line":78,"column":79}},"type":"if","locations":[{"start":{"line":78,"column":4},"end":{"line":78,"column":79}},{"start":{"line":78,"column":4},"end":{"line":78,"column":79}}],"line":78},"12":{"loc":{"start":{"line":81,"column":4},"end":{"line":81,"column":37}},"type":"if","locations":[{"start":{"line":81,"column":4},"end":{"line":81,"column":37}},{"start":{"line":81,"column":4},"end":{"line":81,"column":37}}],"line":81},"13":{"loc":{"start":{"line":93,"column":2},"end":{"line":93,"column":31}},"type":"if","locations":[{"start":{"line":93,"column":2},"end":{"line":93,"column":31}},{"start":{"line":93,"column":2},"end":{"line":93,"column":31}}],"line":93},"14":{"loc":{"start":{"line":102,"column":2},"end":{"line":102,"column":36}},"type":"if","locations":[{"start":{"line":102,"column":2},"end":{"line":102,"column":36}},{"start":{"line":102,"column":2},"end":{"line":102,"column":36}}],"line":102},"15":{"loc":{"start":{"line":104,"column":2},"end":{"line":107,"column":3}},"type":"if","locations":[{"start":{"line":104,"column":2},"end":{"line":107,"column":3}},{"start":{"line":104,"column":2},"end":{"line":107,"column":3}}],"line":104}},"s":{"0":1,"1":1,"2":1,"3":1,"4":1,"5":19,"6":19,"7":19,"8":19,"9":19,"10":19,"11":19,"12":1,"13":3,"14":2,"15":1,"16":3,"17":1,"18":10,"19":1,"20":4,"21":4,"22":1,"23":0,"24":0,"25":0,"26":1,"27":1,"28":1,"29":0,"30":1,"31":5,"32":0,"33":5,"34":1,"35":4,"36":1,"37":3,"38":1,"39":2,"40":1,"41":1,"42":1,"43":1,"44":18,"45":18,"46":18,"47":1,"48":12,"49":12,"50":3,"51":12,"52":1,"53":12,"54":2,"55":0,"56":2,"57":2,"58":12,"59":3,"60":3,"61":12,"62":0,"63":0,"64":12,"65":12,"66":1,"67":17,"68":2,"69":15,"70":15,"71":15,"72":1,"73":2,"74":1,"75":1,"76":0,"77":0,"78":1,"79":1,"80":1},"f":{"0":1,"1":19,"2":3,"3":10,"4":4,"5":0,"6":1,"7":5,"8":18,"9":12,"10":3,"11":1,"12":2,"13":3,"14":0,"15":17,"16":2},"b":{"0":[1,0],"1":[1,1],"2":[2,1],"3":[1,0],"4":[0,5],"5":[1,4],"6":[1,3],"7":[1,2],"8":[1,1],"9":[1,0],"10":[0,2],"11":[2,0],"12":[3,0],"13":[2,15],"14":[1,1],"15":[0,1]},"inputSourceMap":{"version":3,"sources":["playerModel.js"],"names":["events","require","Player","socket","name","game","undefined","isPlaying","currentLobby","controller","bind","on","prototype","get","display","id","Notify","event","data","emit","join","Lobby","leave","console","log","disconnect","leaveGame","left","rotate","right","down","place","initGame","mode","eventEmitter","EventEmitter","Board","start","getPiece","sendMallus","end","add","stopGame","stop","removeAllListener","getMalus","setMalus","clearInterval","itr"],"mappings":";;;;;;;AAAA;;;;AACA,IAAMA,MAAM,GAAGC,OAAO,CAAC,QAAD,CAAtB;;AAEA,SAASC,MAAT,CAAgBC,MAAhB,EAAwBC,IAAxB,EAA8B;AAC7B,OAAKD,MAAL,GAAcA,MAAd;AACA,OAAKC,IAAL,GAAYA,IAAZ;AACA,OAAKC,IAAL,GAAYC,SAAZ;AACA,OAAKC,SAAL,GAAiB,KAAjB;AACA,OAAKC,YAAL,GAAoBF,SAApB;AACA,OAAKG,UAAL,GAAkB,KAAKA,UAAL,CAAgBC,IAAhB,CAAqB,IAArB,CAAlB;AACA,OAAKP,MAAL,CAAYQ,EAAZ,CAAe,YAAf,EAA6B,KAAKF,UAAlC,EAP6B,CAS9B;AACC;;AAEDP,MAAM,CAACU,SAAP,CAAiBC,GAAjB,GAAuB,YAAY;AAClC,MAAIC,OAAJ;AACA,MAAI,KAAKT,IAAT,EACCS,OAAO,GAAG,KAAKT,IAAL,CAAUQ,GAAV,EAAV,CADD,KAGCC,OAAO,GAAGR,SAAV;AACD,SAAO;AACNS,IAAAA,EAAE,EAAE,KAAKZ,MAAL,CAAYY,EADV;AAENX,IAAAA,IAAI,EAAE,KAAKA,IAFL;AAGNG,IAAAA,SAAS,EAAE,KAAKA,SAHV;AAINO,IAAAA,OAAO,EAAEA;AAJH,GAAP;AAMA,CAZD;;AAcAZ,MAAM,CAACU,SAAP,CAAiBI,MAAjB,GAA0B,UAAUC,KAAV,EAAiBC,IAAjB,EAAuB;AAChD,OAAKf,MAAL,CAAYgB,IAAZ,CAAiBF,KAAjB,EAAwBC,IAAxB;AACA,CAFD;;AAIAhB,MAAM,CAACU,SAAP,CAAiBQ,IAAjB,GAAwB,UAAUC,KAAV,EAAiB;AACxC,OAAKlB,MAAL,CAAYiB,IAAZ,CAAiBC,KAAK,CAACN,EAAvB;AACA,OAAKP,YAAL,GAAoBa,KAApB;AACA,CAHD;;AAKAnB,MAAM,CAACU,SAAP,CAAiBU,KAAjB,GAAyB,UAAUD,KAAV,EAAiB;AACzCE,EAAAA,OAAO,CAACC,GAAR,CAAY,qBAAZ,EAAmC,KAAKhB,YAAL,CAAkBO,EAArD;AACA,OAAKZ,MAAL,CAAYmB,KAAZ,CAAkB,KAAKd,YAAL,CAAkBO,EAApC;AACA,OAAKP,YAAL,GAAoBF,SAApB;AACA,CAJD;;AAMAJ,MAAM,CAACU,SAAP,CAAiBa,UAAjB,GAA8B,YAAY;AACzC,MAAI,CAAC,KAAKjB,YAAV,EACC;AACD,OAAKA,YAAL,CAAkBkB,SAAlB,CAA4B,IAA5B;AACA,CAJD;;AAMAxB,MAAM,CAACU,SAAP,CAAiBH,UAAjB,GAA8B,UAAUS,IAAV,EAAgB;AAC9C;AACC,MAAI,CAAC,KAAKb,IAAV,EACC;AACD,MAAIa,IAAI,KAAK,MAAb,EACC,KAAKb,IAAL,CAAUsB,IAAV,GADD,KAEK,IAAIT,IAAI,KAAK,IAAb,EACJ,KAAKb,IAAL,CAAUuB,MAAV,GADI,KAEA,IAAIV,IAAI,KAAK,OAAb,EACJ,KAAKb,IAAL,CAAUwB,KAAV,GADI,KAEA,IAAIX,IAAI,KAAK,MAAb,EACJ,KAAKb,IAAL,CAAUyB,IAAV,GADI,KAEA,IAAIZ,IAAI,KAAK,OAAb,EACJ,KAAKb,IAAL,CAAU0B,KAAV;AAED,CAfD;;AAkBA7B,MAAM,CAACU,SAAP,CAAiBoB,QAAjB,GAA4B,UAAUC,IAAV,EAAgB;AAC3C,OAAKC,YAAL,GAAoB,IAAIlC,MAAM,CAACmC,YAAX,EAApB;AACA,OAAK9B,IAAL,GAAY,IAAI+B,iBAAJ,CAAU,KAAKF,YAAf,EAA6BD,IAA7B,CAAZ;AACA,OAAK9B,MAAL,CAAYgB,IAAZ,CAAiB,SAAjB,EAA4B,KAAKd,IAAL,CAAUQ,GAAV,EAA5B;AACA,CAJD;;AAMAX,MAAM,CAACU,SAAP,CAAiByB,KAAjB,GAAyB,UAAUC,QAAV,EAAoBC,UAApB,EAAgCC,GAAhC,EAAqC;AAAA;;AAC7D,OAAKN,YAAL,CAAkBvB,EAAlB,CAAqB,SAArB,EAAgC,UAACO,IAAD,EAAU;AAAE,IAAA,KAAI,CAACf,MAAL,CAAYgB,IAAZ,CAAiB,SAAjB,EAA4BD,IAA5B;AAAmC,GAA/E;AACA,OAAKgB,YAAL,CAAkBvB,EAAlB,CAAqB,QAArB,EAA+B,YAAM;AAAE4B,IAAAA,UAAU,CAAC,KAAI,CAACpC,MAAL,CAAYY,EAAb,CAAV;AAA4B,GAAnE;AACA,OAAKmB,YAAL,CAAkBvB,EAAlB,CAAqB,KAArB,EAA4B,UAACO,IAAD,EAAU;AACrC,QAAG,CAAC,KAAI,CAACb,IAAT,EACC;AACD,QAAI,CAAC,KAAI,CAACA,IAAL,CAAUoC,GAAV,CAAcH,QAAQ,CAAC,KAAI,CAACnC,MAAL,CAAYY,EAAb,EAAiBG,IAAjB,CAAtB,CAAL,EACCsB,GAAG,CAAC,KAAI,CAACrC,MAAL,CAAYY,EAAb,CAAH;AACD,GALD;AAOA,OAAKZ,MAAL,CAAYQ,EAAZ,CAAe,YAAf,EAA6B,YAAM;AAClC,QAAI,KAAI,CAACN,IAAT,EACC,KAAI,CAACqC,QAAL;AACD,GAHD;AAIA,OAAKvC,MAAL,CAAYQ,EAAZ,CAAe,MAAf,EAAuB,YAAM;AAC5B,IAAA,KAAI,CAACN,IAAL,CAAUsC,IAAV;;AACA,IAAA,KAAI,CAACT,YAAL,CAAkBU,iBAAlB;AACA,GAHD;
[...]
"path":"/home/zadrien/projects/red_tetris/server/src/rooms/roomsHandler.js","statementMap":{"0":{"start":{"line":3,"column":0},"end":{"line":5,"column":3}},"1":{"start":{"line":6,"column":0},"end":{"line":6,"column":22}},"2":{"start":{"line":7,"column":0},"end":{"line":7,"column":36}},"3":{"start":{"line":8,"column":0},"end":{"line":8,"column":24}},"4":{"start":{"line":9,"column":0},"end":{"line":9,"column":20}},"5":{"start":{"line":10,"column":0},"end":{"line":10,"column":32}},"6":{"start":{"line":12,"column":12},"end":{"line":12,"column":51}},"7":{"start":{"line":14,"column":18},"end":{"line":14,"column":65}},"8":{"start":{"line":16,"column":16},"end":{"line":16,"column":37}},"9":{"start":{"line":18,"column":14},"end":{"line":18,"column":55}},"10":{"start":{"line":20,"column":39},"end":{"line":20,"column":95}},"11":{"start":{"line":22,"column":77},"end":{"line":22,"column":175}},"12":{"start":{"line":22,"column":94},"end":{"line":22,"column":107}},"13":{"start":{"line":22,"column":121},"end":{"line":22,"column":131}},"14":{"start":{"line":22,"column":151},"end":{"line":22,"column":165}},"15":{"start":{"line":22,"column":166},"end":{"line":22,"column":173}},"16":{"start":{"line":22,"column":176},"end":{"line":22,"column":263}},"17":{"start":{"line":22,"column":193},"end":{"line":22,"column":208}},"18":{"start":{"line":22,"column":218},"end":{"line":22,"column":261}},"19":{"start":{"line":24,"column":33},"end":{"line":24,"column":387}},"20":{"start":{"line":24,"column":65},"end":{"line":24,"column":69}},"21":{"start":{"line":24,"column":78},"end":{"line":24,"column":87}},"22":{"start":{"line":24,"column":89},"end":{"line":24,"column":384}},"23":{"start":{"line":24,"column":147},"end":{"line":24,"column":167}},"24":{"start":{"line":24,"column":193},"end":{"line":24,"column":264}},"25":{"start":{"line":24,"column":290},"end":{"line":24,"column":360}},"26":{"start":{"line":24,"column":363},"end":{"line":24,"column":380}},"27":{"start":{"line":26,"column":12},"end":{"line":26,"column":14}},"28":{"start":{"line":32,"column":2},"end":{"line":32,"column":48}},"29":{"start":{"line":34,"column":2},"end":{"line":44,"column":3}},"30":{"start":{"line":35,"column":14},"end":{"line":35,"column":32}},"31":{"start":{"line":36,"column":4},"end":{"line":36,"column":41}},"32":{"start":{"line":36,"column":14},"end":{"line":36,"column":41}},"33":{"start":{"line":37,"column":4},"end":{"line":40,"column":7}},"34":{"start":{"line":38,"column":6},"end":{"line":38,"column":23}},"35":{"start":{"line":39,"column":6},"end":{"line":39,"column":23}},"36":{"start":{"line":41,"column":4},"end":{"line":41,"column":16}},"37":{"start":{"line":43,"column":4},"end":{"line":43,"column":24}},"38":{"start":{"line":48,"column":2},"end":{"line":48,"column":46}},"39":{"start":{"line":52,"column":2},"end":{"line":93,"column":6}},"40":{"start":{"line":56,"column":4},"end":{"line":92,"column":33}},"41":{"start":{"line":57,"column":6},"end":{"line":91,"column":7}},"42":{"start":{"line":58,"column":8},"end":{"line":90,"column":9}},"43":{"start":{"line":60,"column":12},"end":{"line":60,"column":30}},"44":{"start":{"line":62,"column":12},"end":{"line":65,"column":13}},"45":{"start":{"line":63,"column":14},"end":{"line":63,"column":32}},"46":{"start":{"line":64,"column":14},"end":{"line":64,"column":20}},"47":{"start":{"line":67,"column":12},"end":{"line":67,"column":51}},"48":{"start":{"line":70,"column":12},"end":{"line":70,"column":30}},"49":{"start":{"line":71,"column":12},"end":{"line":71,"column":54}},"50":{"start":{"line":74,"column":12},"end":{"line":74,"column":32}},"51":{"start":{"line":75,"column":12},"end":{"line":78,"column":15}},"52":{"start":{"line":76,"column":29},"end":{"line":76,"column":90}},"53":{"start":{"line":77,"column":14},"end":{"line":77,"column":40}},"54":{"start":{"line":79,"column":12},"end":{"line":79,"column":50}},"55":{"start":{"line":82,"column":12},"end":{"line":82,"column":31}},"56":{"start":{"line":83,"column":12},"end":{"line":83,"column":47}},"57":{"start":{"line":84,"column":12},"end":{"line":84,"column":37}},"58":{"start":{"line":85,"column":12},"end":{"line":85,"column":40}},"59":{"start":{"line":89,"column":12},"end":{"line":89,"column":35}},"60":{"start":{"line":94,"column":2},"end":{"line":94,"column":46}},"61":{"start":{"line":98,"column":2},"end":{"line":98,"column":40}},"62":{"start":{"line":102,"column":2},"end":{"line":134,"column":6}},"63":{"start":{"line":106,"column":4},"end":{"line":133,"column":34}},"64":{"start":{"line":107,"column":6},"end":{"line":132,"column":7}},"65":{"start":{"line":108,"column":8},"end":{"line":131,"column":9}},"66":{"start":{"line":110,"column":12},"end":{"line":110,"column":31}},"67":{"start":{"line":111,"column":12},"end":{"line":111,"column":41}},"68":{"start":{"line":112,"column":12},"end":{"line":112,"column":73}},"69":{"start":{"line":113,"column":12},"end":{"line":113,"column":26}},"70":{"start":{"line":114,"column":12},"end":{"line":114,"column":28}},"71":{"start":{"line":115,"column":12},"end":{"line":115,"column":31}},"72":{"start":{"line":116,"column":12},"end":{"line":116,"column":48}},"73":{"start":{"line":119,"column":12},"end":{"line":119,"column":33}},"74":{"start":{"line":120,"column":12},"end":{"line":120,"column":49}},"75":{"start":{"line":123,"column":12},"end":{"line":123,"column":32}},"76":{"start":{"line":124,"column":12},"end":{"line":124,"column":49}},"77":{"start":{"line":125,"column":12},"end":{"line":125,"column":53}},"78":{"start":{"line":126,"column":12},"end":{"line":126,"column":41}},"79":{"start":{"line":130,"column":12},"end":{"line":130,"column":36}},"80":{"start":{"line":135,"column":2},"end":{"line":135,"column":40}},"81":{"start":{"line":139,"column":2},"end":{"line":139,"column":43}},"82":{"start":{"line":139,"column":11},"end":{"line":139,"column":43}},"83":{"start":{"line":140,"column":2},"end":{"line":140,"column":19}},"84":{"start":{"line":144,"column":2},"end":{"line":144,"column":44}},"85":{"start":{"line":148,"column":2},"end":{"line":185,"column":6}},"86":{"start":{"line":152,"column":4},"end":{"line":184,"column":34}},"87":{"start":{"line":153,"column":6},"end":{"line":183,"column":7}},"88":{"start":{"line":154,"column":8},"end":{"line":182,"column":9}},"89":{"start":{"line":156,"column":12},"end":{"line":156,"column":31}},"90":{"start":{"line":158,"column":12},"end":{"line":161,"column":13}},"91":{"start":{"line":159,"column":14},"end":{"line":159,"column":33}},"92":{"start":{"line":160,"column":14},"end":{"line":160,"column":20}},"93":{"start":{"line":163,"column":12},"end":{"line":163,"column":79}},"94":{"start":{"line":166,"column":12},"end":{"line":166,"column":29}},"95":{"start":{"line":167,"column":12},"end":{"line":167,"column":31}},"96":{"start":{"line":168,"column":12},"end":{"line":168,"column":50}},"97":{"start":{"line":171,"column":12},"end":{"line":171,"column":33}},"98":{"start":{"line":172,"column":12},"end":{"line":172,"column":51}},"99":{"start":{"line":175,"column":12},"end":{"line":175,"column":32}},"100":{"start":{"line":176,"column":12},"end":{"line":176,"column":49}},"101":{"start":{"line":177,"column":12},"end":{"line":177,"column":41}},"102":{"start":{"line":181,"column":12},"end":{"line":181,"column":36}},"103":{"start":{"line":186,"column":2},"end":{"line":186,"column":44}}},"fnMap":{"0":{"name":"_interopRequireDefault","decl":{"start":{"line":20,"column":9},"end":{"line":20,"column":31}},"loc":{"start":{"line":20,"column":37},"end":{"line":20,"column":97}},"line":20},"1":{"name":"asyncGeneratorStep","decl":{"start":{"line":22,"column":9},"end":{"line":22,"column":27}},"loc":{"start":{"line":22,"column":75},"end":{"line":22,"column":265}},"line":22},"2":{"name":"_asyncToGenerator","decl":{"start":{"line":24,"column":9},"end":{"line":24,"column":26}},"loc":{"start":{"line":24,"column":31},"end":{"line":24,"column":389}},"line":24},"3":{"name":"(anonymous_3)","decl":{"start":{"line":24,"column":40},"end":{"line":24,"column":41}},"loc":{"start":{"line":24,"column":52},"end":{"line":24,"column":386}},"line":24},"4":{"name":"(anonymous_4)","decl":{"start":{"line":24,"column":108},"end":{"line":24,"column":109}},"loc":{"start":{"line":24,"column":135},"end":{"line":24,"column":382}},"line":24},"5":{"name":"_next","decl":{"start":{"line":24,"column":178},"end":{"line":24,"column":183}},"loc":{"start":{"line":24,"column":191},"end":{"line":24,"column":266}},"line":24},"6":{"name":"_throw","decl":{"start":{"line":24,"column":276},"end":{"line":24,"column":282}},"loc":{"start":{"line":24,"column":288},"end":{"line":24,"column":362}},"line":24},"7":{"name":"purge","decl":{"start":{"line":31,"column":9},"end":{"line":31,"column":14}},"loc":{"start":{"line":31,"column":17},"end":{"line":45,"column":1}},"line":31},"8":{"name":"(anonymous_8)","decl":{"start":{"line":37,"column":12},"end":{"line":37,"column":13}},"loc":{"start":{"line":37,"column":26},"end":{"line":40,"column":5}},"line":37},"9":{"name":"restoreRooms","decl":{"start":{"line":47,"column":9},"end":{"line":47,"column":21}},"loc":{"start":{"line":47,"column":26},"end":{"line":49,"column":1}},"line":47},"10":{"name":"_restoreRooms","decl":{"start":{"line":51,"column":9},"end":{"line":51,"column":22}},"loc":{"start":{"line":51,"column":25},"end":{"line":95,"column":1}},"line":51},"11":{"name":"_callee","decl":{"start":{"line":54,"column":35},"end":{"line":54,"column":42}},"loc":{"start":{"line":54,"column":47},"end":{"line":93,"column":3}},"line":54},"12":{"name":"_callee$","decl":{"start":{"line":56,"column":44},"end":{"line":56,"column":52}},"loc":{"start":{"line":56,"column":63},"end":{"line":92,"column":5}},"line":56},"13":{"name":"(anonymous_13)","decl":{"start":{"line":75,"column":20},"end":{"line":75,"column":21}},"loc":{"start":{"line":75,"column":36},"end":{"line":78,"column":13}},"line":75},"14":{"name":"create","decl":{"start":{"line":97,"column":9},"end":{"line":97,"column":15}},"loc":{"start":{"line":97,"column":26},"end":{"line":99,"column":1}},"line":97},"15":{"name":"_create","decl":{"start":{"line":101,"column":9},"end":{"line":101,"column":16}},"loc":{"start":{"line":101,"column":19},"end":{"line":136,"column":1}},"line":101},"16":{"name":"_callee2","decl":{"start":{"line":104,"column":35},"end":{"line":104,"column":43}},"loc":{"start":{"line":104,"column":54},"end":{"line":134,"column":3}},"line":104},"17":{"name":"_callee2$","decl":{"start":{"line":106,"column":44},"end":{"line":106,"column":53}},"loc":{"start":{"line":106,"column":65},"end":{"line":133,"column":5}},"line":106},"18":{"name":"find","decl":{"start":{"line":138,"column":9},"end":{"line":138,"column":13}},"loc":{"start":{"line":138,"column":18},"end":{"line":141,"column":1}},"line":138},"19":{"name":"deleteRoom","decl":{"start":{"line":143,"column":9},"end":{"line":143,"column":19}},"loc":{"start":{"line":143,"column":25},"end":{"line":145,"column":1}},"line":143},"20":{"name":"_deleteRoom","decl":{"start":{"line":147,"column":9},"end":{"line":147,"column":20}},"loc":{"start":{"line":147,"column":23},"end":{"line":187,"column":1}},"line":147},"21":{"name":"_callee3","decl":{"start":{"line":150,"column":35},"end":{"line":150,"column":43}},"loc":{"start":{"line":150,"column":48},"end":{"line":185,"column":3}},"line":150},"22":{"name":"_callee3$","decl":{"start":{"line":152,"column":44},"end":{"line":152,"column":53}},"loc":{"start":{"line":152,"column":65},"end":{"line":184,"column":5}},"line":152}},"branchMap":{"0":{"loc":{"start":{"line":20,"column":46},"end":{"line":20,"column":94}},"type":"cond-expr","locations":[{"start":{"line":20,"column":70},"end":{"line":20,"column":73}},{"start":{"line":20,"column":76},"end":{"line":20,"column":94}}],"line":20},"1":{"loc":{"start":{"line":20,"column":46},"end":{"line":20,"column":67}},"type":"binary-expr","locations":[{"start":{"line":20,"column":46},"end":{"line":20,"column":49}},{"start":{"line":20,"column":53},"end":{"line":20,"column":67}}],"line":20},"2":{"loc":{"start":{"line":22,"column":176},"end":{"line":22,"column":263}},"type":"if","locations":[{"start":{"line":22,"column":176},"end":{"line":22,"column":263}},{"start":{"line":22,"column":176},"end":{"line":22,"column":263}}],"line":22},"3":{"loc":{"start":{"line":36,"column":4},"end":{"line":36,"column":41}},"type":"if","locations":[{"start":{"line":36,"column":4},"end":{"line":36,"column":41}},{"start":{"line":36,"column":4},"end":{"line":36,"column":41}}],"line":36},"4":{"loc":{"start":{"line":58,"column":8},"end":{"line":90,"column":9}},"type":"switch","locations":[{"start":{"line":59,"column":10},"end":{"line":67,"column":51}},{"start":{"line":69,"column":10},"end":{"line":71,"column":54}},{"start":{"line":73,"column":10},"end":{"line":79,"column":50}},{"start":{"line":81,"column":10},"end":{"line":85,"column":40}},{"start":{"line":87,"column":10},"end":{"line":87,"column":18}},{"start":{"line":88,"column":10},"end":{"line":89,"column":35}}],"line":58},"5":{"loc":{"start":{"line":62,"column":12},"end":{"line":65,"column":13}},"type":"if","locations":[{"start":{"line":62,"column":12},"end":{"line":65,"column":13}},{"start":{"line":62,"column":12},"end":{"line":65,"column":13}}],"line":62},"6":{"loc":{"start":{"line":108,"column":8},"end":{"line":131,"column":9}},"type":"switch","locations":[{"start":{"line":109,"column":10},"end":{"line":116,"column":48}},{"start":{"line":118,"column":10},"end":{"line":120,"column":49}},{"start":{"line":122,"column":10},"end":{"line":126,"column":41}},{"start":{"line":128,"column":10},"end":{"line":128,"column":18}},{"start":{"line":129,"column":10},"end":{"line":130,"column":36}}],"line":108},"7":{"loc":{"start":{"line":139,"column":2},"end":{"line":139,"column":43}},"type":"if","locations":[{"start":{"line":139,"column":2},"end":{"line":139,"column":43}},{"start":{"line":139,"column":2},"end":{"line":139,"column":43}}],"line":139},"8":{"loc":{"start":{"line":154,"column":8},"end":{"line":182,"column":9}},"type":"switch","locations":[{"start":{"line":155,"column":10},"end":{"line":163,"column":79}},{"start":{"line":165,"column":10},"end":{"line":168,"column":50}},{"start":{"line":170,"column":10},"end":{"line":172,"column":51}},{"start":{"line":174,"column":10},"end":{"line":177,"column":41}},{"start":{"line":179,"column":10},"end":{"line":179,"column":18}},{"start":{"line":180,"column":10},"end":{"line":181,"column":36}}],"line":154},"9":{"loc":{"start":{"line":158,"column":12},"end":{"line":161,"column":13}},"type":"if","locations":[{"start":{"line":158,"column":12},"end":{"line":161,"column":13}},{"start":{"line":158,"column":12},"end":{"line":161,"column":13}}],"line":158}},"s":{"0":1,"1":1,"2":1,"3":1,"4":1,"5":1,"6":1,"7":1,"8":1,"9":1,"10":3,"11":6,"12":6,"13":6,"14":0,"15":0,"16":6,"17":3,"18":3,"19":3,"20":3,"21":3,"22":3,"23":3,"24":6,"25":0,"26":3,"27":1,"28":1,"29":1,"30":1,"31":1,"32":0,"33":1,"34":30,"35":30,"36":1,"37":0,"38":1,"39":1,"40":1,"41":3,"42":4,"43":1,"44":1,"45":1,"46":1,"47":0,"48":1,"49":1,"50":1,"51":1,"52":30,"53":30,"54":1,"55":0,"56":0,"57":0,"58":0,"59":1,"60":1,"61":1,"62":1,"63":1,"64":3,"65":3,"66":1,"67":1,"68":1,"69":1,"70":1,"71":1,"72":1,"73":1,"74":1,"75":0,"76":0,"77":0,"78":0,"79":1,"80":1,"81":1,"82":0,"83":1,"84":1,"85":1,"86":1,"87":3,"88":4,"89":1,"90":1,"91":1,"92":1,"93":0,"94":1,"95":1,"96":1,"97":1,"98":1,"99":0,"100":0,"101":0,"102":1,"103":1},"f":{"0":3,"1":6,"2":3,"3":3,"4":3,"5":6,"6":0,"7":1,"8":30,"9":1,"10":1,"11":1,"12":3,"13":30,"14":1,"15":1,"16":1,"17":3,"18":1,"19":1,"20":1,"21":1,"22":3},"b":{"0":[1,2],"1":[3,3],"2":[3,3],"3":[0,1],"4":[1,1,1,0,0,1],"5":[1,0],"6":[1,1,0,0,1],"7":[0,1],"8":[1,1,1,0,0,1],"9":[1,0]},"inputSourceMap":{"version":3,"sources":["roomsHandler.js"],"names":["Rooms","purge","console","log","ids","Object","keys","Promise","reject","map","id","kill","err","restoreRooms","io","_","isEmpty","roomDb","read","all","room","instance","Room","name","mode","create","r","obj","find","Error","deleteRoom","nbr"],"mappings":";;;;;;;;;;;AACA;;AACA;;AACA;;AACA;;;;;;;;AAEA,IAAMA,KAAK,GAAG,EAAd;AAEA;;;;AAGO,SAASC,KAAT,GAAiB;AACvBC,EAAAA,OAAO,CAACC,GAAR,CAAY,gCAAZ;;AACA,MAAI;AACH,QAAIC,GAAG,GAAGC,MAAM,CAACC,IAAP,CAAYN,KAAZ,CAAV;AACA,QAAI,CAACI,GAAL,EACCG,OAAO,CAACC,MAAR,CAAe,UAAf;AACDJ,IAAAA,GAAG,CAACK,GAAJ,CAAQ,UAAUC,EAAV,EAAc;AACrBV,MAAAA,KAAK,CAACU,EAAD,CAAL,CAAUC,IAAV;AACA,aAAOX,KAAK,CAACU,EAAD,CAAZ;AACA,KAHD;AAIA,WAAO,IAAP;AACA,GATD,CASE,OAAOE,GAAP,EAAY;AACbL,IAAAA,OAAO,CAACC,MAAR,CAAeI,GAAf;AACA;AAED;;SAEqBC,Y;;;;;;;0BAAf,iBAA4BC,EAA5B;AAAA;AAAA;AAAA;AAAA;AAAA;AAAA;;AAAA,gBAEAC,mBAAEC,OAAF,CAAUhB,KAAV,CAFA;AAAA;AAAA;AAAA;;AAAA,6CAGG,IAHH;;AAAA;AAAA;AAAA,mBAIWiB,gBAAOC,IAAP,CAAY,EAAZ,EAAgB,EAAhB,EAAoB,CAApB,EAAuB,CAAvB,CAJX;;AAAA;AAIDC,YAAAA,GAJC;AAKLA,YAAAA,GAAG,CAACV,GAAJ,CAAQ,UAASW,IAAT,EAAe;AACrB,kBAAIC,QAAQ,GAAG,IAAIC,sBAAJ,CAASR,EAAT,EAAaM,IAAI,CAACV,EAAlB,EAAsBU,IAAI,CAACG,IAA3B,EAAiCH,IAAI,CAACI,IAAtC,CAAf;AACDxB,cAAAA,KAAK,CAACoB,IAAI,CAACV,EAAN,CAAL,GAAiBW,QAAjB;AACA,aAHD;AALK,6CASEF,GATF;;AAAA;AAAA;AAAA;AAWLjB,YAAAA,OAAO,CAACC,GAAR;AACAI,YAAAA,OAAO,CAACC,MAAR;;AAZK;AAAA;AAAA;AAAA;AAAA;AAAA;AAAA,G;;;;SAgBeiB,M;;;;;;;0BAAf,kBAAsBX,EAAtB,EAA0BM,IAA1B;AAAA;AAAA;AAAA;AAAA;AAAA;AAAA;AAEDV,YAAAA,EAFC,GAEI,uBAFJ;AAGDgB,YAAAA,CAHC,GAGG,IAAIJ,sBAAJ,CAASR,EAAT,EAAaJ,EAAb,EAAiBU,IAAI,CAACG,IAAtB,EAA4BH,IAAI,CAACI,IAAjC,CAHH;AAILxB,YAAAA,KAAK,CAACU,EAAD,CAAL,GAAYgB,CAAZ;AACAN,YAAAA,IAAI,CAAC,IAAD,CAAJ,GAAaV,EAAb;AALK;AAAA,mBAMWO,gBAAOQ,MAAP,CAAcL,IAAd,CANX;;AAAA;AAMDO,YAAAA,GANC;AAAA,8CAOED,CAPF;;AAAA;AAAA;AAAA;AASLxB,YAAAA,OAAO,CAACC,GAAR,CAAY,2BAAZ;AACAI,YAAAA,OAAO,CAACC,MAAR;;AAVK;AAAA;AAAA;AAAA;AAAA;AAAA;AAAA,G;;;;AAcA,SAASoB,IAAT,CAAclB,EAAd,EAAkB;AACrB,MAAI,CAACA,EAAL,EACF,MAAM,IAAImB,KAAJ,CAAU,cAAV,CAAN;AACE,SAAO7B,KAAK,CAACU,EAAD,CAAZ;AACH;;SAEqBoB,U;;;;;;;0BAAf,kBAA0BpB,EAA1B;AAAA;AAAA;AAAA;AAAA;AAAA;AAAA;;AAAA,gBAEAV,KAAK,CAACU,EAAD,CAFL;AAAA;AAAA;AAAA;;AAAA,8CAGG,IAAImB,KAAJ,CAAU,oBAAV,CAHH;;AAAA;AAKL,mBAAO7B,KAAK,CAACU,EAAD,CAAZ;AALK;AAAA,mBAMWO,gBAAOa,UAAP,CAAkBpB,EAAlB,CANX;;AAAA;AAMDqB,YAAAA,GANC;AAAA,8CAOEA,GAPF;;AAAA;AAAA;AAAA;AASLxB,YAAAA,OAAO,CAACC,MAAR;;AATK;AAAA;AAAA;AAAA;AAAA;AAAA;AAAA,G","sourceRoot":"/home/zadrien/projects/red_tetris/server/src/rooms","sourcesContent":["//import 'babel-polyfill'\nimport uuidv4 from 'uuid'\nimport Room from './roomsModel';\nimport { Rooms as roomDb } from './roomsDAL';\nimport _ from 'lodash'\n\nconst Rooms = {};\n\n/*\n** Launch at Start\n*/\nexport function purge() {\n\tconsole.log('/!\\\\ Closing all instance /!\\\\')\n\ttry {\n\t\tlet ids = Object.keys(Rooms)\n\t\tif (!ids)\n\t\t\tPromise.reject(\"no rooms\")\n\t\tids.map(function (id) {\n\t\t\tRooms[id].kill()\n\t\t\tdelete Rooms[id]\n\t\t})\n\t\treturn true\n\t} catch (err) {\n\t\tPromise.reject(err)\n\t}\n\t\n}\n\nexport async function restoreRooms(io) {\n    try {\n\t\tif (!_.isEmpty(Rooms))\n\t\t\treturn null;\n\t\tvar all = await roomDb.read({}, {}, 0, 0)\n\t\tall.map(function(room) {\n\t\t  var instance = new Room(io, room.id, room.name, room.mode)\n\t\t\tRooms[room.id] = instance\n\t\t})\n\t\treturn all\n    } catch (err) {\n\t\tconsole.log(err)\n\t\tPromise.reject(err)\n    }\n}\n\nexport async function create(io, room) {\n    try {\n\t\tvar id = uuidv4()\n\t\tvar r = new Room(io, id, room.name, room.mode)\n\t\tRooms[id] = r\n\t\troom[\"id\"] = id\n\t\tvar obj = await roomDb.create(room)\n\t\treturn r\n    } catch (err) {\n\t\tconsole.log(\"Room creation failure!...\")\n\t\tPromise.reject(err)\n    }\n}\n\nexport function find(id) {\n    if (!id)\n\t\tthrow new Error(\"ID undefined\")\n    return Rooms[id]\n}\n\nexport async function deleteRoom(id) {\n\ttry {\n\t\tif (!Rooms[id])\n\t\t\treturn new Error(\"Room doesn't exist\")\n\t\t\n\t\tdelete Rooms[id]\n\t\tlet nbr = await roomDb.deleteRoom(id)\n\t\treturn nbr\n\t} catch (err) {\n\t\tPromise.reject(err)\n\t}\n}"]},"_coverageSchema":"1a1c01bbd47fc00a2c39e90264f33305004495a9","hash":"d034cc54b5ddb878a75d7b93fff6ae09166b05a5","contentHash":"e3b4e22629ae56519d6a6080a90119dada1bb2b0e2e566ab9d98333d0726d544"}}